["E_RECOVERABLE_ERROR","Uncaught PDOException: SQLSTATE[42S21]: Column already exists: 1060 Duplicate column name 'L_safe' in \/var\/www\/vhosts\/cdcoding.com\/Criminalization.cdcoding.com\/modules\/installed\/moduleManager\/moduleManager.admin.php:245\nStack trace:\n#0 \/var\/www\/vhosts\/cdcoding.com\/Criminalization.cdcoding.com\/modules\/installed\/moduleManager\/moduleManager.admin.php(245): PDO->query()\n#1 \/var\/www\/vhosts\/cdcoding.com\/Criminalization.cdcoding.com\/modules\/installed\/moduleManager\/moduleManager.admin.php(113): adminModule->installModuleCommit()\n#2 \/var\/www\/vhosts\/cdcoding.com\/Criminalization.cdcoding.com\/modules\/installed\/moduleManager\/moduleManager.admin.php(179): adminModule->viewInstall()\n#3 \/var\/www\/vhosts\/cdcoding.com\/Criminalization.cdcoding.com\/modules\/installed\/admin\/admin.inc.php(100): adminModule->method_install()\n#4 \/var\/www\/vhosts\/cdcoding.com\/Criminalization.cdcoding.com\/modules\/installed\/admin\/admin.inc.php(30): admin->viewModule()\n#5 \/var\/www\/vhosts\/cdcoding.com\/Criminalization.cdcoding.com\/class\/module.php(34): admin","\/var\/www\/vhosts\/cdcoding.com\/Criminalization.cdcoding.com\/modules\/installed\/moduleManager\/moduleManager.admin.php",245,"2022-06-22 18:28:46"]
["E_RECOVERABLE_ERROR","Uncaught Error: Class 'adminModule' not found in \/var\/www\/vhosts\/cdcoding.com\/Criminalization.cdcoding.com\/modules\/installed\/admin\/admin.inc.php:92\nStack trace:\n#0 \/var\/www\/vhosts\/cdcoding.com\/Criminalization.cdcoding.com\/modules\/installed\/admin\/admin.inc.php(30): admin->viewModule()\n#1 \/var\/www\/vhosts\/cdcoding.com\/Criminalization.cdcoding.com\/class\/module.php(34): admin->constructModule()\n#2 \/var\/www\/vhosts\/cdcoding.com\/Criminalization.cdcoding.com\/class\/page.php(159): module->__construct()\n#3 \/var\/www\/vhosts\/cdcoding.com\/Criminalization.cdcoding.com\/class\/page.php(76): page->load()\n#4 \/var\/www\/vhosts\/cdcoding.com\/Criminalization.cdcoding.com\/init.php(86): page->loadPage()\n#5 \/var\/www\/vhosts\/cdcoding.com\/Criminalization.cdcoding.com\/index.php(5): require('\/var\/www\/vhosts...')\n#6 {main}\n  thrown","\/var\/www\/vhosts\/cdcoding.com\/Criminalization.cdcoding.com\/modules\/installed\/admin\/admin.inc.php",92,"2022-06-22 20:07:16"]
["E_RECOVERABLE_ERROR","Uncaught Error: Class 'adminModule' not found in \/var\/www\/vhosts\/cdcoding.com\/Criminalization.cdcoding.com\/modules\/installed\/admin\/admin.inc.php:92\nStack trace:\n#0 \/var\/www\/vhosts\/cdcoding.com\/Criminalization.cdcoding.com\/modules\/installed\/admin\/admin.inc.php(30): admin->viewModule()\n#1 \/var\/www\/vhosts\/cdcoding.com\/Criminalization.cdcoding.com\/class\/module.php(34): admin->constructModule()\n#2 \/var\/www\/vhosts\/cdcoding.com\/Criminalization.cdcoding.com\/class\/page.php(159): module->__construct()\n#3 \/var\/www\/vhosts\/cdcoding.com\/Criminalization.cdcoding.com\/class\/page.php(76): page->load()\n#4 \/var\/www\/vhosts\/cdcoding.com\/Criminalization.cdcoding.com\/init.php(86): page->loadPage()\n#5 \/var\/www\/vhosts\/cdcoding.com\/Criminalization.cdcoding.com\/index.php(5): require('\/var\/www\/vhosts...')\n#6 {main}\n  thrown","\/var\/www\/vhosts\/cdcoding.com\/Criminalization.cdcoding.com\/modules\/installed\/admin\/admin.inc.php",92,"2022-06-22 22:24:41"]
["E_RECOVERABLE_ERROR","Uncaught Error: Class 'adminModule' not found in \/var\/www\/vhosts\/cdcoding.com\/Criminalization.cdcoding.com\/modules\/installed\/admin\/admin.inc.php:92\nStack trace:\n#0 \/var\/www\/vhosts\/cdcoding.com\/Criminalization.cdcoding.com\/modules\/installed\/admin\/admin.inc.php(30): admin->viewModule()\n#1 \/var\/www\/vhosts\/cdcoding.com\/Criminalization.cdcoding.com\/class\/module.php(34): admin->constructModule()\n#2 \/var\/www\/vhosts\/cdcoding.com\/Criminalization.cdcoding.com\/class\/page.php(159): module->__construct()\n#3 \/var\/www\/vhosts\/cdcoding.com\/Criminalization.cdcoding.com\/class\/page.php(76): page->load()\n#4 \/var\/www\/vhosts\/cdcoding.com\/Criminalization.cdcoding.com\/init.php(86): page->loadPage()\n#5 \/var\/www\/vhosts\/cdcoding.com\/Criminalization.cdcoding.com\/index.php(5): require('\/var\/www\/vhosts...')\n#6 {main}\n  thrown","\/var\/www\/vhosts\/cdcoding.com\/Criminalization.cdcoding.com\/modules\/installed\/admin\/admin.inc.php",92,"2022-06-22 23:18:21"]
["E_RECOVERABLE_ERROR","Uncaught PDOException: SQLSTATE[42S21]: Column already exists: 1060 Duplicate column name 'U_bot' in \/var\/www\/vhosts\/cdcoding.com\/Criminalization.cdcoding.com\/modules\/installed\/moduleManager\/moduleManager.admin.php:245\nStack trace:\n#0 \/var\/www\/vhosts\/cdcoding.com\/Criminalization.cdcoding.com\/modules\/installed\/moduleManager\/moduleManager.admin.php(245): PDO->query()\n#1 \/var\/www\/vhosts\/cdcoding.com\/Criminalization.cdcoding.com\/modules\/installed\/moduleManager\/moduleManager.admin.php(182): adminModule->installModuleCommit()\n#2 \/var\/www\/vhosts\/cdcoding.com\/Criminalization.cdcoding.com\/modules\/installed\/admin\/admin.inc.php(100): adminModule->method_install()\n#3 \/var\/www\/vhosts\/cdcoding.com\/Criminalization.cdcoding.com\/modules\/installed\/admin\/admin.inc.php(30): admin->viewModule()\n#4 \/var\/www\/vhosts\/cdcoding.com\/Criminalization.cdcoding.com\/class\/module.php(34): admin->constructModule()\n#5 \/var\/www\/vhosts\/cdcoding.com\/Criminalization.cdcoding.com\/class\/page.php(159): module->__construct()\n#6 \/var\/www\/vhosts\/cdcoding","\/var\/www\/vhosts\/cdcoding.com\/Criminalization.cdcoding.com\/modules\/installed\/moduleManager\/moduleManager.admin.php",245,"2022-06-23 10:39:40"]
["E_RECOVERABLE_ERROR","Uncaught PDOException: SQLSTATE[42S21]: Column already exists: 1060 Duplicate column name 'U_bot' in \/var\/www\/vhosts\/cdcoding.com\/Criminalization.cdcoding.com\/modules\/installed\/moduleManager\/moduleManager.admin.php:245\nStack trace:\n#0 \/var\/www\/vhosts\/cdcoding.com\/Criminalization.cdcoding.com\/modules\/installed\/moduleManager\/moduleManager.admin.php(245): PDO->query()\n#1 \/var\/www\/vhosts\/cdcoding.com\/Criminalization.cdcoding.com\/modules\/installed\/moduleManager\/moduleManager.admin.php(182): adminModule->installModuleCommit()\n#2 \/var\/www\/vhosts\/cdcoding.com\/Criminalization.cdcoding.com\/modules\/installed\/admin\/admin.inc.php(100): adminModule->method_install()\n#3 \/var\/www\/vhosts\/cdcoding.com\/Criminalization.cdcoding.com\/modules\/installed\/admin\/admin.inc.php(30): admin->viewModule()\n#4 \/var\/www\/vhosts\/cdcoding.com\/Criminalization.cdcoding.com\/class\/module.php(34): admin->constructModule()\n#5 \/var\/www\/vhosts\/cdcoding.com\/Criminalization.cdcoding.com\/class\/page.php(159): module->__construct()\n#6 \/var\/www\/vhosts\/cdcoding","\/var\/www\/vhosts\/cdcoding.com\/Criminalization.cdcoding.com\/modules\/installed\/moduleManager\/moduleManager.admin.php",245,"2022-06-23 10:40:25"]
["E_RECOVERABLE_ERROR","Uncaught PDOException: SQLSTATE[42S21]: Column already exists: 1060 Duplicate column name 'U_bot' in \/var\/www\/vhosts\/cdcoding.com\/Criminalization.cdcoding.com\/modules\/installed\/moduleManager\/moduleManager.admin.php:245\nStack trace:\n#0 \/var\/www\/vhosts\/cdcoding.com\/Criminalization.cdcoding.com\/modules\/installed\/moduleManager\/moduleManager.admin.php(245): PDO->query()\n#1 \/var\/www\/vhosts\/cdcoding.com\/Criminalization.cdcoding.com\/modules\/installed\/moduleManager\/moduleManager.admin.php(182): adminModule->installModuleCommit()\n#2 \/var\/www\/vhosts\/cdcoding.com\/Criminalization.cdcoding.com\/modules\/installed\/admin\/admin.inc.php(100): adminModule->method_install()\n#3 \/var\/www\/vhosts\/cdcoding.com\/Criminalization.cdcoding.com\/modules\/installed\/admin\/admin.inc.php(30): admin->viewModule()\n#4 \/var\/www\/vhosts\/cdcoding.com\/Criminalization.cdcoding.com\/class\/module.php(34): admin->constructModule()\n#5 \/var\/www\/vhosts\/cdcoding.com\/Criminalization.cdcoding.com\/class\/page.php(159): module->__construct()\n#6 \/var\/www\/vhosts\/cdcoding","\/var\/www\/vhosts\/cdcoding.com\/Criminalization.cdcoding.com\/modules\/installed\/moduleManager\/moduleManager.admin.php",245,"2022-06-23 10:41:24"]
["E_RECOVERABLE_ERROR","Uncaught PDOException: SQLSTATE[42S21]: Column already exists: 1060 Duplicate column name 'U_bot' in \/var\/www\/vhosts\/cdcoding.com\/Criminalization.cdcoding.com\/modules\/installed\/moduleManager\/moduleManager.admin.php:245\nStack trace:\n#0 \/var\/www\/vhosts\/cdcoding.com\/Criminalization.cdcoding.com\/modules\/installed\/moduleManager\/moduleManager.admin.php(245): PDO->query()\n#1 \/var\/www\/vhosts\/cdcoding.com\/Criminalization.cdcoding.com\/modules\/installed\/moduleManager\/moduleManager.admin.php(182): adminModule->installModuleCommit()\n#2 \/var\/www\/vhosts\/cdcoding.com\/Criminalization.cdcoding.com\/modules\/installed\/admin\/admin.inc.php(100): adminModule->method_install()\n#3 \/var\/www\/vhosts\/cdcoding.com\/Criminalization.cdcoding.com\/modules\/installed\/admin\/admin.inc.php(30): admin->viewModule()\n#4 \/var\/www\/vhosts\/cdcoding.com\/Criminalization.cdcoding.com\/class\/module.php(34): admin->constructModule()\n#5 \/var\/www\/vhosts\/cdcoding.com\/Criminalization.cdcoding.com\/class\/page.php(159): module->__construct()\n#6 \/var\/www\/vhosts\/cdcoding","\/var\/www\/vhosts\/cdcoding.com\/Criminalization.cdcoding.com\/modules\/installed\/moduleManager\/moduleManager.admin.php",245,"2022-06-23 10:56:16"]
["E_RECOVERABLE_ERROR","Uncaught Error: Call to a member function getInfo() on null in \/var\/www\/vhosts\/cdcoding.com\/Criminalization.cdcoding.com\/class\/module.php:40\nStack trace:\n#0 \/var\/www\/vhosts\/cdcoding.com\/Criminalization.cdcoding.com\/class\/page.php(159): module->__construct()\n#1 \/var\/www\/vhosts\/cdcoding.com\/Criminalization.cdcoding.com\/class\/page.php(76): page->load()\n#2 \/var\/www\/vhosts\/cdcoding.com\/Criminalization.cdcoding.com\/init.php(90): page->loadPage()\n#3 \/var\/www\/vhosts\/cdcoding.com\/Criminalization.cdcoding.com\/index.php(5): require('\/var\/www\/vhosts...')\n#4 {main}\n  thrown","\/var\/www\/vhosts\/cdcoding.com\/Criminalization.cdcoding.com\/class\/module.php",40,"2022-06-23 15:59:33"]
["E_RECOVERABLE_ERROR","Uncaught Error: Call to a member function getInfo() on null in \/var\/www\/vhosts\/cdcoding.com\/Criminalization.cdcoding.com\/class\/module.php:40\nStack trace:\n#0 \/var\/www\/vhosts\/cdcoding.com\/Criminalization.cdcoding.com\/class\/page.php(159): module->__construct()\n#1 \/var\/www\/vhosts\/cdcoding.com\/Criminalization.cdcoding.com\/class\/page.php(76): page->load()\n#2 \/var\/www\/vhosts\/cdcoding.com\/Criminalization.cdcoding.com\/init.php(90): page->loadPage()\n#3 \/var\/www\/vhosts\/cdcoding.com\/Criminalization.cdcoding.com\/index.php(5): require('\/var\/www\/vhosts...')\n#4 {main}\n  thrown","\/var\/www\/vhosts\/cdcoding.com\/Criminalization.cdcoding.com\/class\/module.php",40,"2022-06-23 17:36:39"]
["E_RECOVERABLE_ERROR","Uncaught Error: Call to a member function getInfo() on null in \/var\/www\/vhosts\/cdcoding.com\/Criminalization.cdcoding.com\/class\/module.php:40\nStack trace:\n#0 \/var\/www\/vhosts\/cdcoding.com\/Criminalization.cdcoding.com\/class\/page.php(159): module->__construct()\n#1 \/var\/www\/vhosts\/cdcoding.com\/Criminalization.cdcoding.com\/class\/page.php(76): page->load()\n#2 \/var\/www\/vhosts\/cdcoding.com\/Criminalization.cdcoding.com\/init.php(90): page->loadPage()\n#3 \/var\/www\/vhosts\/cdcoding.com\/Criminalization.cdcoding.com\/index.php(5): require('\/var\/www\/vhosts...')\n#4 {main}\n  thrown","\/var\/www\/vhosts\/cdcoding.com\/Criminalization.cdcoding.com\/class\/module.php",40,"2022-06-23 19:09:12"]
["E_RECOVERABLE_ERROR","Uncaught PDOException: SQLSTATE[42S21]: Column already exists: 1060 Duplicate column name 'C_successText' in \/var\/www\/vhosts\/cdcoding.com\/Criminalization.cdcoding.com\/modules\/installed\/moduleManager\/moduleManager.admin.php:245\nStack trace:\n#0 \/var\/www\/vhosts\/cdcoding.com\/Criminalization.cdcoding.com\/modules\/installed\/moduleManager\/moduleManager.admin.php(245): PDO->query()\n#1 \/var\/www\/vhosts\/cdcoding.com\/Criminalization.cdcoding.com\/modules\/installed\/moduleManager\/moduleManager.admin.php(182): adminModule->installModuleCommit()\n#2 \/var\/www\/vhosts\/cdcoding.com\/Criminalization.cdcoding.com\/modules\/installed\/admin\/admin.inc.php(100): adminModule->method_install()\n#3 \/var\/www\/vhosts\/cdcoding.com\/Criminalization.cdcoding.com\/modules\/installed\/admin\/admin.inc.php(30): admin->viewModule()\n#4 \/var\/www\/vhosts\/cdcoding.com\/Criminalization.cdcoding.com\/class\/module.php(34): admin->constructModule()\n#5 \/var\/www\/vhosts\/cdcoding.com\/Criminalization.cdcoding.com\/class\/page.php(159): module->__construct()\n#6 \/var\/www\/vhosts\/","\/var\/www\/vhosts\/cdcoding.com\/Criminalization.cdcoding.com\/modules\/installed\/moduleManager\/moduleManager.admin.php",245,"2022-06-23 19:59:24"]
["E_RECOVERABLE_ERROR","Uncaught PDOException: SQLSTATE[42S21]: Column already exists: 1060 Duplicate column name 'C_successText' in \/var\/www\/vhosts\/cdcoding.com\/Criminalization.cdcoding.com\/modules\/installed\/moduleManager\/moduleManager.admin.php:245\nStack trace:\n#0 \/var\/www\/vhosts\/cdcoding.com\/Criminalization.cdcoding.com\/modules\/installed\/moduleManager\/moduleManager.admin.php(245): PDO->query()\n#1 \/var\/www\/vhosts\/cdcoding.com\/Criminalization.cdcoding.com\/modules\/installed\/moduleManager\/moduleManager.admin.php(182): adminModule->installModuleCommit()\n#2 \/var\/www\/vhosts\/cdcoding.com\/Criminalization.cdcoding.com\/modules\/installed\/admin\/admin.inc.php(100): adminModule->method_install()\n#3 \/var\/www\/vhosts\/cdcoding.com\/Criminalization.cdcoding.com\/modules\/installed\/admin\/admin.inc.php(30): admin->viewModule()\n#4 \/var\/www\/vhosts\/cdcoding.com\/Criminalization.cdcoding.com\/class\/module.php(34): admin->constructModule()\n#5 \/var\/www\/vhosts\/cdcoding.com\/Criminalization.cdcoding.com\/class\/page.php(159): module->__construct()\n#6 \/var\/www\/vhosts\/","\/var\/www\/vhosts\/cdcoding.com\/Criminalization.cdcoding.com\/modules\/installed\/moduleManager\/moduleManager.admin.php",245,"2022-06-23 20:00:25"]
["E_RECOVERABLE_ERROR","Uncaught PDOException: SQLSTATE[42S21]: Column already exists: 1060 Duplicate column name 'C_successText' in \/var\/www\/vhosts\/cdcoding.com\/Criminalization.cdcoding.com\/modules\/installed\/moduleManager\/moduleManager.admin.php:245\nStack trace:\n#0 \/var\/www\/vhosts\/cdcoding.com\/Criminalization.cdcoding.com\/modules\/installed\/moduleManager\/moduleManager.admin.php(245): PDO->query()\n#1 \/var\/www\/vhosts\/cdcoding.com\/Criminalization.cdcoding.com\/modules\/installed\/moduleManager\/moduleManager.admin.php(182): adminModule->installModuleCommit()\n#2 \/var\/www\/vhosts\/cdcoding.com\/Criminalization.cdcoding.com\/modules\/installed\/admin\/admin.inc.php(100): adminModule->method_install()\n#3 \/var\/www\/vhosts\/cdcoding.com\/Criminalization.cdcoding.com\/modules\/installed\/admin\/admin.inc.php(30): admin->viewModule()\n#4 \/var\/www\/vhosts\/cdcoding.com\/Criminalization.cdcoding.com\/class\/module.php(34): admin->constructModule()\n#5 \/var\/www\/vhosts\/cdcoding.com\/Criminalization.cdcoding.com\/class\/page.php(159): module->__construct()\n#6 \/var\/www\/vhosts\/","\/var\/www\/vhosts\/cdcoding.com\/Criminalization.cdcoding.com\/modules\/installed\/moduleManager\/moduleManager.admin.php",245,"2022-06-23 20:01:06"]
["E_RECOVERABLE_ERROR","Uncaught PDOException: SQLSTATE[42S21]: Column already exists: 1060 Duplicate column name 'C_successText' in \/var\/www\/vhosts\/cdcoding.com\/Criminalization.cdcoding.com\/modules\/installed\/moduleManager\/moduleManager.admin.php:245\nStack trace:\n#0 \/var\/www\/vhosts\/cdcoding.com\/Criminalization.cdcoding.com\/modules\/installed\/moduleManager\/moduleManager.admin.php(245): PDO->query()\n#1 \/var\/www\/vhosts\/cdcoding.com\/Criminalization.cdcoding.com\/modules\/installed\/moduleManager\/moduleManager.admin.php(182): adminModule->installModuleCommit()\n#2 \/var\/www\/vhosts\/cdcoding.com\/Criminalization.cdcoding.com\/modules\/installed\/admin\/admin.inc.php(100): adminModule->method_install()\n#3 \/var\/www\/vhosts\/cdcoding.com\/Criminalization.cdcoding.com\/modules\/installed\/admin\/admin.inc.php(30): admin->viewModule()\n#4 \/var\/www\/vhosts\/cdcoding.com\/Criminalization.cdcoding.com\/class\/module.php(34): admin->constructModule()\n#5 \/var\/www\/vhosts\/cdcoding.com\/Criminalization.cdcoding.com\/class\/page.php(159): module->__construct()\n#6 \/var\/www\/vhosts\/","\/var\/www\/vhosts\/cdcoding.com\/Criminalization.cdcoding.com\/modules\/installed\/moduleManager\/moduleManager.admin.php",245,"2022-06-23 21:14:05"]
["E_RECOVERABLE_ERROR","Uncaught PDOException: SQLSTATE[42S21]: Column already exists: 1060 Duplicate column name 'C_successText' in \/var\/www\/vhosts\/cdcoding.com\/Criminalization.cdcoding.com\/modules\/installed\/moduleManager\/moduleManager.admin.php:245\nStack trace:\n#0 \/var\/www\/vhosts\/cdcoding.com\/Criminalization.cdcoding.com\/modules\/installed\/moduleManager\/moduleManager.admin.php(245): PDO->query()\n#1 \/var\/www\/vhosts\/cdcoding.com\/Criminalization.cdcoding.com\/modules\/installed\/moduleManager\/moduleManager.admin.php(182): adminModule->installModuleCommit()\n#2 \/var\/www\/vhosts\/cdcoding.com\/Criminalization.cdcoding.com\/modules\/installed\/admin\/admin.inc.php(100): adminModule->method_install()\n#3 \/var\/www\/vhosts\/cdcoding.com\/Criminalization.cdcoding.com\/modules\/installed\/admin\/admin.inc.php(30): admin->viewModule()\n#4 \/var\/www\/vhosts\/cdcoding.com\/Criminalization.cdcoding.com\/class\/module.php(34): admin->constructModule()\n#5 \/var\/www\/vhosts\/cdcoding.com\/Criminalization.cdcoding.com\/class\/page.php(159): module->__construct()\n#6 \/var\/www\/vhosts\/","\/var\/www\/vhosts\/cdcoding.com\/Criminalization.cdcoding.com\/modules\/installed\/moduleManager\/moduleManager.admin.php",245,"2022-06-23 21:14:26"]
["E_RECOVERABLE_ERROR","Uncaught PDOException: SQLSTATE[42S21]: Column already exists: 1060 Duplicate column name 'C_successText' in \/var\/www\/vhosts\/cdcoding.com\/Criminalization.cdcoding.com\/modules\/installed\/moduleManager\/moduleManager.admin.php:245\nStack trace:\n#0 \/var\/www\/vhosts\/cdcoding.com\/Criminalization.cdcoding.com\/modules\/installed\/moduleManager\/moduleManager.admin.php(245): PDO->query()\n#1 \/var\/www\/vhosts\/cdcoding.com\/Criminalization.cdcoding.com\/modules\/installed\/moduleManager\/moduleManager.admin.php(182): adminModule->installModuleCommit()\n#2 \/var\/www\/vhosts\/cdcoding.com\/Criminalization.cdcoding.com\/modules\/installed\/admin\/admin.inc.php(100): adminModule->method_install()\n#3 \/var\/www\/vhosts\/cdcoding.com\/Criminalization.cdcoding.com\/modules\/installed\/admin\/admin.inc.php(30): admin->viewModule()\n#4 \/var\/www\/vhosts\/cdcoding.com\/Criminalization.cdcoding.com\/class\/module.php(34): admin->constructModule()\n#5 \/var\/www\/vhosts\/cdcoding.com\/Criminalization.cdcoding.com\/class\/page.php(159): module->__construct()\n#6 \/var\/www\/vhosts\/","\/var\/www\/vhosts\/cdcoding.com\/Criminalization.cdcoding.com\/modules\/installed\/moduleManager\/moduleManager.admin.php",245,"2022-06-23 22:08:47"]
["E_RECOVERABLE_ERROR","Uncaught Error: Call to a member function getInfo() on null in \/var\/www\/vhosts\/cdcoding.com\/Criminalization.cdcoding.com\/class\/module.php:40\nStack trace:\n#0 \/var\/www\/vhosts\/cdcoding.com\/Criminalization.cdcoding.com\/class\/page.php(159): module->__construct()\n#1 \/var\/www\/vhosts\/cdcoding.com\/Criminalization.cdcoding.com\/class\/page.php(76): page->load()\n#2 \/var\/www\/vhosts\/cdcoding.com\/Criminalization.cdcoding.com\/init.php(90): page->loadPage()\n#3 \/var\/www\/vhosts\/cdcoding.com\/Criminalization.cdcoding.com\/index.php(5): require('\/var\/www\/vhosts...')\n#4 {main}\n  thrown","\/var\/www\/vhosts\/cdcoding.com\/Criminalization.cdcoding.com\/class\/module.php",40,"2022-06-23 22:19:51"]
["E_RECOVERABLE_ERROR","Uncaught PDOException: SQLSTATE[42S21]: Column already exists: 1060 Duplicate column name 'C_successText' in \/var\/www\/vhosts\/cdcoding.com\/Criminalization.cdcoding.com\/modules\/installed\/moduleManager\/moduleManager.admin.php:245\nStack trace:\n#0 \/var\/www\/vhosts\/cdcoding.com\/Criminalization.cdcoding.com\/modules\/installed\/moduleManager\/moduleManager.admin.php(245): PDO->query()\n#1 \/var\/www\/vhosts\/cdcoding.com\/Criminalization.cdcoding.com\/modules\/installed\/moduleManager\/moduleManager.admin.php(182): adminModule->installModuleCommit()\n#2 \/var\/www\/vhosts\/cdcoding.com\/Criminalization.cdcoding.com\/modules\/installed\/admin\/admin.inc.php(100): adminModule->method_install()\n#3 \/var\/www\/vhosts\/cdcoding.com\/Criminalization.cdcoding.com\/modules\/installed\/admin\/admin.inc.php(30): admin->viewModule()\n#4 \/var\/www\/vhosts\/cdcoding.com\/Criminalization.cdcoding.com\/class\/module.php(34): admin->constructModule()\n#5 \/var\/www\/vhosts\/cdcoding.com\/Criminalization.cdcoding.com\/class\/page.php(159): module->__construct()\n#6 \/var\/www\/vhosts\/","\/var\/www\/vhosts\/cdcoding.com\/Criminalization.cdcoding.com\/modules\/installed\/moduleManager\/moduleManager.admin.php",245,"2022-06-23 22:24:30"]
["E_RECOVERABLE_ERROR","Uncaught PDOException: SQLSTATE[42S21]: Column already exists: 1060 Duplicate column name 'C_successText' in \/var\/www\/vhosts\/cdcoding.com\/Criminalization.cdcoding.com\/modules\/installed\/moduleManager\/moduleManager.admin.php:245\nStack trace:\n#0 \/var\/www\/vhosts\/cdcoding.com\/Criminalization.cdcoding.com\/modules\/installed\/moduleManager\/moduleManager.admin.php(245): PDO->query()\n#1 \/var\/www\/vhosts\/cdcoding.com\/Criminalization.cdcoding.com\/modules\/installed\/moduleManager\/moduleManager.admin.php(182): adminModule->installModuleCommit()\n#2 \/var\/www\/vhosts\/cdcoding.com\/Criminalization.cdcoding.com\/modules\/installed\/admin\/admin.inc.php(100): adminModule->method_install()\n#3 \/var\/www\/vhosts\/cdcoding.com\/Criminalization.cdcoding.com\/modules\/installed\/admin\/admin.inc.php(30): admin->viewModule()\n#4 \/var\/www\/vhosts\/cdcoding.com\/Criminalization.cdcoding.com\/class\/module.php(34): admin->constructModule()\n#5 \/var\/www\/vhosts\/cdcoding.com\/Criminalization.cdcoding.com\/class\/page.php(159): module->__construct()\n#6 \/var\/www\/vhosts\/","\/var\/www\/vhosts\/cdcoding.com\/Criminalization.cdcoding.com\/modules\/installed\/moduleManager\/moduleManager.admin.php",245,"2022-06-23 22:24:37"]
["E_RECOVERABLE_ERROR","Uncaught PDOException: SQLSTATE[42000]: Syntax error or access violation: 1065 Query was empty in \/var\/www\/vhosts\/cdcoding.com\/Criminalization.cdcoding.com\/modules\/installed\/moduleManager\/moduleManager.admin.php:245\nStack trace:\n#0 \/var\/www\/vhosts\/cdcoding.com\/Criminalization.cdcoding.com\/modules\/installed\/moduleManager\/moduleManager.admin.php(245): PDO->query()\n#1 \/var\/www\/vhosts\/cdcoding.com\/Criminalization.cdcoding.com\/modules\/installed\/moduleManager\/moduleManager.admin.php(182): adminModule->installModuleCommit()\n#2 \/var\/www\/vhosts\/cdcoding.com\/Criminalization.cdcoding.com\/modules\/installed\/admin\/admin.inc.php(100): adminModule->method_install()\n#3 \/var\/www\/vhosts\/cdcoding.com\/Criminalization.cdcoding.com\/modules\/installed\/admin\/admin.inc.php(30): admin->viewModule()\n#4 \/var\/www\/vhosts\/cdcoding.com\/Criminalization.cdcoding.com\/class\/module.php(34): admin->constructModule()\n#5 \/var\/www\/vhosts\/cdcoding.com\/Criminalization.cdcoding.com\/class\/page.php(159): module->__construct()\n#6 \/var\/www\/vhosts\/cdcoding.co","\/var\/www\/vhosts\/cdcoding.com\/Criminalization.cdcoding.com\/modules\/installed\/moduleManager\/moduleManager.admin.php",245,"2022-06-23 22:25:06"]
["E_RECOVERABLE_ERROR","Uncaught PDOException: SQLSTATE[42000]: Syntax error or access violation: 1065 Query was empty in \/var\/www\/vhosts\/cdcoding.com\/Criminalization.cdcoding.com\/modules\/installed\/moduleManager\/moduleManager.admin.php:245\nStack trace:\n#0 \/var\/www\/vhosts\/cdcoding.com\/Criminalization.cdcoding.com\/modules\/installed\/moduleManager\/moduleManager.admin.php(245): PDO->query()\n#1 \/var\/www\/vhosts\/cdcoding.com\/Criminalization.cdcoding.com\/modules\/installed\/moduleManager\/moduleManager.admin.php(182): adminModule->installModuleCommit()\n#2 \/var\/www\/vhosts\/cdcoding.com\/Criminalization.cdcoding.com\/modules\/installed\/admin\/admin.inc.php(100): adminModule->method_install()\n#3 \/var\/www\/vhosts\/cdcoding.com\/Criminalization.cdcoding.com\/modules\/installed\/admin\/admin.inc.php(30): admin->viewModule()\n#4 \/var\/www\/vhosts\/cdcoding.com\/Criminalization.cdcoding.com\/class\/module.php(34): admin->constructModule()\n#5 \/var\/www\/vhosts\/cdcoding.com\/Criminalization.cdcoding.com\/class\/page.php(159): module->__construct()\n#6 \/var\/www\/vhosts\/cdcoding.co","\/var\/www\/vhosts\/cdcoding.com\/Criminalization.cdcoding.com\/modules\/installed\/moduleManager\/moduleManager.admin.php",245,"2022-06-23 22:25:07"]
["E_RECOVERABLE_ERROR","Uncaught PDOException: SQLSTATE[42000]: Syntax error or access violation: 1065 Query was empty in \/var\/www\/vhosts\/cdcoding.com\/Criminalization.cdcoding.com\/modules\/installed\/moduleManager\/moduleManager.admin.php:245\nStack trace:\n#0 \/var\/www\/vhosts\/cdcoding.com\/Criminalization.cdcoding.com\/modules\/installed\/moduleManager\/moduleManager.admin.php(245): PDO->query()\n#1 \/var\/www\/vhosts\/cdcoding.com\/Criminalization.cdcoding.com\/modules\/installed\/moduleManager\/moduleManager.admin.php(182): adminModule->installModuleCommit()\n#2 \/var\/www\/vhosts\/cdcoding.com\/Criminalization.cdcoding.com\/modules\/installed\/admin\/admin.inc.php(100): adminModule->method_install()\n#3 \/var\/www\/vhosts\/cdcoding.com\/Criminalization.cdcoding.com\/modules\/installed\/admin\/admin.inc.php(30): admin->viewModule()\n#4 \/var\/www\/vhosts\/cdcoding.com\/Criminalization.cdcoding.com\/class\/module.php(34): admin->constructModule()\n#5 \/var\/www\/vhosts\/cdcoding.com\/Criminalization.cdcoding.com\/class\/page.php(159): module->__construct()\n#6 \/var\/www\/vhosts\/cdcoding.co","\/var\/www\/vhosts\/cdcoding.com\/Criminalization.cdcoding.com\/modules\/installed\/moduleManager\/moduleManager.admin.php",245,"2022-06-23 22:25:27"]
["E_RECOVERABLE_ERROR","Uncaught PDOException: SQLSTATE[42000]: Syntax error or access violation: 1065 Query was empty in \/var\/www\/vhosts\/cdcoding.com\/Criminalization.cdcoding.com\/modules\/installed\/moduleManager\/moduleManager.admin.php:245\nStack trace:\n#0 \/var\/www\/vhosts\/cdcoding.com\/Criminalization.cdcoding.com\/modules\/installed\/moduleManager\/moduleManager.admin.php(245): PDO->query()\n#1 \/var\/www\/vhosts\/cdcoding.com\/Criminalization.cdcoding.com\/modules\/installed\/moduleManager\/moduleManager.admin.php(182): adminModule->installModuleCommit()\n#2 \/var\/www\/vhosts\/cdcoding.com\/Criminalization.cdcoding.com\/modules\/installed\/admin\/admin.inc.php(100): adminModule->method_install()\n#3 \/var\/www\/vhosts\/cdcoding.com\/Criminalization.cdcoding.com\/modules\/installed\/admin\/admin.inc.php(30): admin->viewModule()\n#4 \/var\/www\/vhosts\/cdcoding.com\/Criminalization.cdcoding.com\/class\/module.php(34): admin->constructModule()\n#5 \/var\/www\/vhosts\/cdcoding.com\/Criminalization.cdcoding.com\/class\/page.php(159): module->__construct()\n#6 \/var\/www\/vhosts\/cdcoding.co","\/var\/www\/vhosts\/cdcoding.com\/Criminalization.cdcoding.com\/modules\/installed\/moduleManager\/moduleManager.admin.php",245,"2022-06-23 22:25:29"]
["E_RECOVERABLE_ERROR","Uncaught Error: Class 'adminModule' not found in \/var\/www\/vhosts\/cdcoding.com\/Criminalization.cdcoding.com\/modules\/installed\/admin\/admin.inc.php:92\nStack trace:\n#0 \/var\/www\/vhosts\/cdcoding.com\/Criminalization.cdcoding.com\/modules\/installed\/admin\/admin.inc.php(30): admin->viewModule()\n#1 \/var\/www\/vhosts\/cdcoding.com\/Criminalization.cdcoding.com\/class\/module.php(34): admin->constructModule()\n#2 \/var\/www\/vhosts\/cdcoding.com\/Criminalization.cdcoding.com\/class\/page.php(159): module->__construct()\n#3 \/var\/www\/vhosts\/cdcoding.com\/Criminalization.cdcoding.com\/class\/page.php(76): page->load()\n#4 \/var\/www\/vhosts\/cdcoding.com\/Criminalization.cdcoding.com\/init.php(86): page->loadPage()\n#5 \/var\/www\/vhosts\/cdcoding.com\/Criminalization.cdcoding.com\/index.php(5): require('\/var\/www\/vhosts...')\n#6 {main}\n  thrown","\/var\/www\/vhosts\/cdcoding.com\/Criminalization.cdcoding.com\/modules\/installed\/admin\/admin.inc.php",92,"2022-06-23 22:52:16"]
["E_RECOVERABLE_ERROR","Uncaught Error: Call to a member function getInfo() on null in \/var\/www\/vhosts\/cdcoding.com\/Criminalization.cdcoding.com\/class\/module.php:40\nStack trace:\n#0 \/var\/www\/vhosts\/cdcoding.com\/Criminalization.cdcoding.com\/class\/page.php(159): module->__construct()\n#1 \/var\/www\/vhosts\/cdcoding.com\/Criminalization.cdcoding.com\/class\/page.php(76): page->load()\n#2 \/var\/www\/vhosts\/cdcoding.com\/Criminalization.cdcoding.com\/init.php(90): page->loadPage()\n#3 \/var\/www\/vhosts\/cdcoding.com\/Criminalization.cdcoding.com\/index.php(5): require('\/var\/www\/vhosts...')\n#4 {main}\n  thrown","\/var\/www\/vhosts\/cdcoding.com\/Criminalization.cdcoding.com\/class\/module.php",40,"2022-06-24 09:12:34"]
["E_RECOVERABLE_ERROR","Uncaught Error: Call to a member function getInfo() on null in \/var\/www\/vhosts\/cdcoding.com\/Criminalization.cdcoding.com\/class\/module.php:40\nStack trace:\n#0 \/var\/www\/vhosts\/cdcoding.com\/Criminalization.cdcoding.com\/class\/page.php(159): module->__construct()\n#1 \/var\/www\/vhosts\/cdcoding.com\/Criminalization.cdcoding.com\/class\/page.php(76): page->load()\n#2 \/var\/www\/vhosts\/cdcoding.com\/Criminalization.cdcoding.com\/init.php(90): page->loadPage()\n#3 \/var\/www\/vhosts\/cdcoding.com\/Criminalization.cdcoding.com\/index.php(5): require('\/var\/www\/vhosts...')\n#4 {main}\n  thrown","\/var\/www\/vhosts\/cdcoding.com\/Criminalization.cdcoding.com\/class\/module.php",40,"2022-06-24 19:35:01"]
["E_RECOVERABLE_ERROR","Uncaught Error: Call to a member function getInfo() on null in \/var\/www\/vhosts\/cdcoding.com\/Criminalization.cdcoding.com\/class\/module.php:40\nStack trace:\n#0 \/var\/www\/vhosts\/cdcoding.com\/Criminalization.cdcoding.com\/class\/page.php(159): module->__construct()\n#1 \/var\/www\/vhosts\/cdcoding.com\/Criminalization.cdcoding.com\/class\/page.php(76): page->load()\n#2 \/var\/www\/vhosts\/cdcoding.com\/Criminalization.cdcoding.com\/init.php(90): page->loadPage()\n#3 \/var\/www\/vhosts\/cdcoding.com\/Criminalization.cdcoding.com\/index.php(5): require('\/var\/www\/vhosts...')\n#4 {main}\n  thrown","\/var\/www\/vhosts\/cdcoding.com\/Criminalization.cdcoding.com\/class\/module.php",40,"2022-06-24 20:21:31"]
["E_RECOVERABLE_ERROR","Uncaught PDOException: SQLSTATE[21S01]: Insert value list does not match column list: 1136 Column count doesn't match value count at row 1 in \/var\/www\/vhosts\/cdcoding.com\/Criminalization.cdcoding.com\/modules\/installed\/crimes\/crimes.admin.php:94\nStack trace:\n#0 \/var\/www\/vhosts\/cdcoding.com\/Criminalization.cdcoding.com\/modules\/installed\/crimes\/crimes.admin.php(94): PDOStatement->execute()\n#1 \/var\/www\/vhosts\/cdcoding.com\/Criminalization.cdcoding.com\/modules\/installed\/admin\/admin.inc.php(100): adminModule->method_new()\n#2 \/var\/www\/vhosts\/cdcoding.com\/Criminalization.cdcoding.com\/modules\/installed\/admin\/admin.inc.php(30): admin->viewModule()\n#3 \/var\/www\/vhosts\/cdcoding.com\/Criminalization.cdcoding.com\/class\/module.php(34): admin->constructModule()\n#4 \/var\/www\/vhosts\/cdcoding.com\/Criminalization.cdcoding.com\/class\/page.php(159): module->__construct()\n#5 \/var\/www\/vhosts\/cdcoding.com\/Criminalization.cdcoding.com\/class\/page.php(76): page->load()\n#6 \/var\/www\/vhosts\/cdcoding.com\/Criminalization.cdcoding.com\/init.php(86)","\/var\/www\/vhosts\/cdcoding.com\/Criminalization.cdcoding.com\/modules\/installed\/crimes\/crimes.admin.php",94,"2022-06-24 23:26:11"]
["E_RECOVERABLE_ERROR","Uncaught PDOException: SQLSTATE[21S01]: Insert value list does not match column list: 1136 Column count doesn't match value count at row 1 in \/var\/www\/vhosts\/cdcoding.com\/Criminalization.cdcoding.com\/modules\/installed\/crimes\/crimes.admin.php:94\nStack trace:\n#0 \/var\/www\/vhosts\/cdcoding.com\/Criminalization.cdcoding.com\/modules\/installed\/crimes\/crimes.admin.php(94): PDOStatement->execute()\n#1 \/var\/www\/vhosts\/cdcoding.com\/Criminalization.cdcoding.com\/modules\/installed\/admin\/admin.inc.php(100): adminModule->method_new()\n#2 \/var\/www\/vhosts\/cdcoding.com\/Criminalization.cdcoding.com\/modules\/installed\/admin\/admin.inc.php(30): admin->viewModule()\n#3 \/var\/www\/vhosts\/cdcoding.com\/Criminalization.cdcoding.com\/class\/module.php(34): admin->constructModule()\n#4 \/var\/www\/vhosts\/cdcoding.com\/Criminalization.cdcoding.com\/class\/page.php(159): module->__construct()\n#5 \/var\/www\/vhosts\/cdcoding.com\/Criminalization.cdcoding.com\/class\/page.php(76): page->load()\n#6 \/var\/www\/vhosts\/cdcoding.com\/Criminalization.cdcoding.com\/init.php(86)","\/var\/www\/vhosts\/cdcoding.com\/Criminalization.cdcoding.com\/modules\/installed\/crimes\/crimes.admin.php",94,"2022-06-25 00:33:00"]
["E_RECOVERABLE_ERROR","Uncaught PDOException: SQLSTATE[21S01]: Insert value list does not match column list: 1136 Column count doesn't match value count at row 1 in \/var\/www\/vhosts\/cdcoding.com\/Criminalization.cdcoding.com\/modules\/installed\/crimes\/crimes.admin.php:94\nStack trace:\n#0 \/var\/www\/vhosts\/cdcoding.com\/Criminalization.cdcoding.com\/modules\/installed\/crimes\/crimes.admin.php(94): PDOStatement->execute()\n#1 \/var\/www\/vhosts\/cdcoding.com\/Criminalization.cdcoding.com\/modules\/installed\/admin\/admin.inc.php(100): adminModule->method_new()\n#2 \/var\/www\/vhosts\/cdcoding.com\/Criminalization.cdcoding.com\/modules\/installed\/admin\/admin.inc.php(30): admin->viewModule()\n#3 \/var\/www\/vhosts\/cdcoding.com\/Criminalization.cdcoding.com\/class\/module.php(34): admin->constructModule()\n#4 \/var\/www\/vhosts\/cdcoding.com\/Criminalization.cdcoding.com\/class\/page.php(159): module->__construct()\n#5 \/var\/www\/vhosts\/cdcoding.com\/Criminalization.cdcoding.com\/class\/page.php(76): page->load()\n#6 \/var\/www\/vhosts\/cdcoding.com\/Criminalization.cdcoding.com\/init.php(86)","\/var\/www\/vhosts\/cdcoding.com\/Criminalization.cdcoding.com\/modules\/installed\/crimes\/crimes.admin.php",94,"2022-06-25 00:34:24"]
["E_RECOVERABLE_ERROR","Uncaught Error: Class 'adminModule' not found in \/var\/www\/vhosts\/cdcoding.com\/Criminalization.cdcoding.com\/modules\/installed\/admin\/admin.inc.php:92\nStack trace:\n#0 \/var\/www\/vhosts\/cdcoding.com\/Criminalization.cdcoding.com\/modules\/installed\/admin\/admin.inc.php(30): admin->viewModule()\n#1 \/var\/www\/vhosts\/cdcoding.com\/Criminalization.cdcoding.com\/class\/module.php(34): admin->constructModule()\n#2 \/var\/www\/vhosts\/cdcoding.com\/Criminalization.cdcoding.com\/class\/page.php(159): module->__construct()\n#3 \/var\/www\/vhosts\/cdcoding.com\/Criminalization.cdcoding.com\/class\/page.php(76): page->load()\n#4 \/var\/www\/vhosts\/cdcoding.com\/Criminalization.cdcoding.com\/init.php(86): page->loadPage()\n#5 \/var\/www\/vhosts\/cdcoding.com\/Criminalization.cdcoding.com\/index.php(5): require('\/var\/www\/vhosts...')\n#6 {main}\n  thrown","\/var\/www\/vhosts\/cdcoding.com\/Criminalization.cdcoding.com\/modules\/installed\/admin\/admin.inc.php",92,"2022-06-25 01:09:53"]
["E_RECOVERABLE_ERROR","Uncaught Error: Call to a member function getInfo() on null in \/var\/www\/vhosts\/cdcoding.com\/Criminalization.cdcoding.com\/class\/module.php:40\nStack trace:\n#0 \/var\/www\/vhosts\/cdcoding.com\/Criminalization.cdcoding.com\/class\/page.php(159): module->__construct()\n#1 \/var\/www\/vhosts\/cdcoding.com\/Criminalization.cdcoding.com\/class\/page.php(76): page->load()\n#2 \/var\/www\/vhosts\/cdcoding.com\/Criminalization.cdcoding.com\/init.php(90): page->loadPage()\n#3 \/var\/www\/vhosts\/cdcoding.com\/Criminalization.cdcoding.com\/index.php(5): require('\/var\/www\/vhosts...')\n#4 {main}\n  thrown","\/var\/www\/vhosts\/cdcoding.com\/Criminalization.cdcoding.com\/class\/module.php",40,"2022-06-25 01:45:15"]
["E_RECOVERABLE_ERROR","Uncaught PDOException: SQLSTATE[21S01]: Insert value list does not match column list: 1136 Column count doesn't match value count at row 1 in \/var\/www\/vhosts\/cdcoding.com\/Criminalization.cdcoding.com\/modules\/installed\/crimes\/crimes.admin.php:94\nStack trace:\n#0 \/var\/www\/vhosts\/cdcoding.com\/Criminalization.cdcoding.com\/modules\/installed\/crimes\/crimes.admin.php(94): PDOStatement->execute()\n#1 \/var\/www\/vhosts\/cdcoding.com\/Criminalization.cdcoding.com\/modules\/installed\/admin\/admin.inc.php(100): adminModule->method_new()\n#2 \/var\/www\/vhosts\/cdcoding.com\/Criminalization.cdcoding.com\/modules\/installed\/admin\/admin.inc.php(30): admin->viewModule()\n#3 \/var\/www\/vhosts\/cdcoding.com\/Criminalization.cdcoding.com\/class\/module.php(34): admin->constructModule()\n#4 \/var\/www\/vhosts\/cdcoding.com\/Criminalization.cdcoding.com\/class\/page.php(159): module->__construct()\n#5 \/var\/www\/vhosts\/cdcoding.com\/Criminalization.cdcoding.com\/class\/page.php(76): page->load()\n#6 \/var\/www\/vhosts\/cdcoding.com\/Criminalization.cdcoding.com\/init.php(86)","\/var\/www\/vhosts\/cdcoding.com\/Criminalization.cdcoding.com\/modules\/installed\/crimes\/crimes.admin.php",94,"2022-06-25 05:26:04"]
["E_RECOVERABLE_ERROR","Uncaught Error: Call to a member function getInfo() on null in \/var\/www\/vhosts\/cdcoding.com\/Criminalization.cdcoding.com\/class\/module.php:40\nStack trace:\n#0 \/var\/www\/vhosts\/cdcoding.com\/Criminalization.cdcoding.com\/class\/page.php(159): module->__construct()\n#1 \/var\/www\/vhosts\/cdcoding.com\/Criminalization.cdcoding.com\/class\/page.php(76): page->load()\n#2 \/var\/www\/vhosts\/cdcoding.com\/Criminalization.cdcoding.com\/init.php(90): page->loadPage()\n#3 \/var\/www\/vhosts\/cdcoding.com\/Criminalization.cdcoding.com\/index.php(5): require('\/var\/www\/vhosts...')\n#4 {main}\n  thrown","\/var\/www\/vhosts\/cdcoding.com\/Criminalization.cdcoding.com\/class\/module.php",40,"2022-06-25 08:52:35"]
["E_RECOVERABLE_ERROR","Uncaught Error: Call to a member function getInfo() on null in \/var\/www\/vhosts\/cranky-wright.95-154-196-48.plesk.page\/httpdocs\/class\/module.php:40\nStack trace:\n#0 \/var\/www\/vhosts\/cranky-wright.95-154-196-48.plesk.page\/httpdocs\/class\/page.php(159): module->__construct()\n#1 \/var\/www\/vhosts\/cranky-wright.95-154-196-48.plesk.page\/httpdocs\/class\/page.php(76): page->load()\n#2 \/var\/www\/vhosts\/cranky-wright.95-154-196-48.plesk.page\/httpdocs\/init.php(90): page->loadPage()\n#3 \/var\/www\/vhosts\/cranky-wright.95-154-196-48.plesk.page\/httpdocs\/index.php(5): require('\/var\/www\/vhosts...')\n#4 {main}\n  thrown","\/var\/www\/vhosts\/cranky-wright.95-154-196-48.plesk.page\/httpdocs\/class\/module.php",40,"2022-06-25 09:07:31"]
["E_RECOVERABLE_ERROR","Uncaught Error: Call to a member function getInfo() on null in \/var\/www\/vhosts\/cranky-wright.95-154-196-48.plesk.page\/httpdocs\/class\/module.php:40\nStack trace:\n#0 \/var\/www\/vhosts\/cranky-wright.95-154-196-48.plesk.page\/httpdocs\/class\/page.php(159): module->__construct()\n#1 \/var\/www\/vhosts\/cranky-wright.95-154-196-48.plesk.page\/httpdocs\/class\/page.php(76): page->load()\n#2 \/var\/www\/vhosts\/cranky-wright.95-154-196-48.plesk.page\/httpdocs\/init.php(90): page->loadPage()\n#3 \/var\/www\/vhosts\/cranky-wright.95-154-196-48.plesk.page\/httpdocs\/index.php(5): require('\/var\/www\/vhosts...')\n#4 {main}\n  thrown","\/var\/www\/vhosts\/cranky-wright.95-154-196-48.plesk.page\/httpdocs\/class\/module.php",40,"2022-06-25 10:36:52"]
["E_RECOVERABLE_ERROR","Uncaught Error: Call to a member function getInfo() on null in \/var\/www\/vhosts\/cranky-wright.95-154-196-48.plesk.page\/httpdocs\/class\/module.php:40\nStack trace:\n#0 \/var\/www\/vhosts\/cranky-wright.95-154-196-48.plesk.page\/httpdocs\/class\/page.php(159): module->__construct()\n#1 \/var\/www\/vhosts\/cranky-wright.95-154-196-48.plesk.page\/httpdocs\/class\/page.php(76): page->load()\n#2 \/var\/www\/vhosts\/cranky-wright.95-154-196-48.plesk.page\/httpdocs\/init.php(90): page->loadPage()\n#3 \/var\/www\/vhosts\/cranky-wright.95-154-196-48.plesk.page\/httpdocs\/index.php(5): require('\/var\/www\/vhosts...')\n#4 {main}\n  thrown","\/var\/www\/vhosts\/cranky-wright.95-154-196-48.plesk.page\/httpdocs\/class\/module.php",40,"2022-06-25 12:46:46"]
["E_RECOVERABLE_ERROR","Uncaught Error: Call to a member function getInfo() on null in \/var\/www\/vhosts\/cranky-wright.95-154-196-48.plesk.page\/httpdocs\/class\/module.php:40\nStack trace:\n#0 \/var\/www\/vhosts\/cranky-wright.95-154-196-48.plesk.page\/httpdocs\/class\/page.php(159): module->__construct()\n#1 \/var\/www\/vhosts\/cranky-wright.95-154-196-48.plesk.page\/httpdocs\/class\/page.php(76): page->load()\n#2 \/var\/www\/vhosts\/cranky-wright.95-154-196-48.plesk.page\/httpdocs\/init.php(90): page->loadPage()\n#3 \/var\/www\/vhosts\/cranky-wright.95-154-196-48.plesk.page\/httpdocs\/index.php(5): require('\/var\/www\/vhosts...')\n#4 {main}\n  thrown","\/var\/www\/vhosts\/cranky-wright.95-154-196-48.plesk.page\/httpdocs\/class\/module.php",40,"2022-06-25 17:15:07"]
["E_RECOVERABLE_ERROR","Uncaught LogicException: Unexpected closing tag: \/each in \/var\/www\/vhosts\/cranky-wright.95-154-196-48.plesk.page\/httpdocs\/class\/Handlebars\/Parser.php:65\nStack trace:\n#0 \/var\/www\/vhosts\/cranky-wright.95-154-196-48.plesk.page\/httpdocs\/class\/Handlebars\/Parser.php(35): Handlebars\\Parser->buildTree()\n#1 \/var\/www\/vhosts\/cranky-wright.95-154-196-48.plesk.page\/httpdocs\/class\/Handlebars\/Handlebars.php(533): Handlebars\\Parser->parse()\n#2 \/var\/www\/vhosts\/cranky-wright.95-154-196-48.plesk.page\/httpdocs\/class\/Handlebars\/Handlebars.php(463): Handlebars\\Handlebars->tokenize()\n#3 \/var\/www\/vhosts\/cranky-wright.95-154-196-48.plesk.page\/httpdocs\/class\/Handlebars\/Handlebars.php(180): Handlebars\\Handlebars->loadTemplate()\n#4 \/var\/www\/vhosts\/cranky-wright.95-154-196-48.plesk.page\/httpdocs\/class\/pageElement.php(94): Handlebars\\Handlebars->render()\n#5 \/var\/www\/vhosts\/cranky-wright.95-154-196-48.plesk.page\/httpdocs\/class\/pageElement.php(144): pageElement->templateToHTML()\n#6 \/var\/www\/vhosts\/cranky-wright.95-154-196-48.plesk.page\/http","\/var\/www\/vhosts\/cranky-wright.95-154-196-48.plesk.page\/httpdocs\/class\/Handlebars\/Parser.php",65,"2022-06-25 17:35:39"]
["E_RECOVERABLE_ERROR","Uncaught LogicException: Unexpected closing tag: \/each in \/var\/www\/vhosts\/cranky-wright.95-154-196-48.plesk.page\/httpdocs\/class\/Handlebars\/Parser.php:65\nStack trace:\n#0 \/var\/www\/vhosts\/cranky-wright.95-154-196-48.plesk.page\/httpdocs\/class\/Handlebars\/Parser.php(35): Handlebars\\Parser->buildTree()\n#1 \/var\/www\/vhosts\/cranky-wright.95-154-196-48.plesk.page\/httpdocs\/class\/Handlebars\/Handlebars.php(533): Handlebars\\Parser->parse()\n#2 \/var\/www\/vhosts\/cranky-wright.95-154-196-48.plesk.page\/httpdocs\/class\/Handlebars\/Handlebars.php(463): Handlebars\\Handlebars->tokenize()\n#3 \/var\/www\/vhosts\/cranky-wright.95-154-196-48.plesk.page\/httpdocs\/class\/Handlebars\/Handlebars.php(180): Handlebars\\Handlebars->loadTemplate()\n#4 \/var\/www\/vhosts\/cranky-wright.95-154-196-48.plesk.page\/httpdocs\/class\/pageElement.php(94): Handlebars\\Handlebars->render()\n#5 \/var\/www\/vhosts\/cranky-wright.95-154-196-48.plesk.page\/httpdocs\/class\/pageElement.php(144): pageElement->templateToHTML()\n#6 \/var\/www\/vhosts\/cranky-wright.95-154-196-48.plesk.page\/http","\/var\/www\/vhosts\/cranky-wright.95-154-196-48.plesk.page\/httpdocs\/class\/Handlebars\/Parser.php",65,"2022-06-25 17:35:40"]
["E_RECOVERABLE_ERROR","Uncaught PDOException: SQLSTATE[42S22]: Column not found: 1054 Unknown column 'US_skillpointsavailable' in 'userStats' in \/var\/www\/vhosts\/cranky-wright.95-154-196-48.plesk.page\/httpdocs\/modules\/installed\/skills\/skills.admin.php:206\nStack trace:\n#0 \/var\/www\/vhosts\/cranky-wright.95-154-196-48.plesk.page\/httpdocs\/modules\/installed\/skills\/skills.admin.php(206): PDOStatement->execute()\n#1 \/var\/www\/vhosts\/cranky-wright.95-154-196-48.plesk.page\/httpdocs\/modules\/installed\/admin\/admin.inc.php(100): adminModule->method_edit()\n#2 \/var\/www\/vhosts\/cranky-wright.95-154-196-48.plesk.page\/httpdocs\/modules\/installed\/admin\/admin.inc.php(30): admin->viewModule()\n#3 \/var\/www\/vhosts\/cranky-wright.95-154-196-48.plesk.page\/httpdocs\/class\/module.php(34): admin->constructModule()\n#4 \/var\/www\/vhosts\/cranky-wright.95-154-196-48.plesk.page\/httpdocs\/class\/page.php(159): module->__construct()\n#5 \/var\/www\/vhosts\/cranky-wright.95-154-196-48.plesk.page\/httpdocs\/class\/page.php(76): page->load()\n#6 \/var\/www\/vhosts\/cranky-wright.95-154-196-48.p","\/var\/www\/vhosts\/cranky-wright.95-154-196-48.plesk.page\/httpdocs\/modules\/installed\/skills\/skills.admin.php",206,"2022-06-26 11:20:13"]
["E_RECOVERABLE_ERROR","Uncaught PDOException: SQLSTATE[42000]: Syntax error or access violation: 1103 Incorrect table name ' gameNews ' in \/var\/www\/vhosts\/cranky-wright.95-154-196-48.plesk.page\/httpdocs\/modules\/installed\/moduleManager\/moduleManager.admin.php:245\nStack trace:\n#0 \/var\/www\/vhosts\/cranky-wright.95-154-196-48.plesk.page\/httpdocs\/modules\/installed\/moduleManager\/moduleManager.admin.php(245): PDO->query()\n#1 \/var\/www\/vhosts\/cranky-wright.95-154-196-48.plesk.page\/httpdocs\/modules\/installed\/moduleManager\/moduleManager.admin.php(182): adminModule->installModuleCommit()\n#2 \/var\/www\/vhosts\/cranky-wright.95-154-196-48.plesk.page\/httpdocs\/modules\/installed\/admin\/admin.inc.php(100): adminModule->method_install()\n#3 \/var\/www\/vhosts\/cranky-wright.95-154-196-48.plesk.page\/httpdocs\/modules\/installed\/admin\/admin.inc.php(30): admin->viewModule()\n#4 \/var\/www\/vhosts\/cranky-wright.95-154-196-48.plesk.page\/httpdocs\/class\/module.php(34): admin->constructModule()\n#5 \/var\/www\/vhosts\/cranky-wright.95-154-196-48.plesk.page\/httpdocs\/class\/page.ph","\/var\/www\/vhosts\/cranky-wright.95-154-196-48.plesk.page\/httpdocs\/modules\/installed\/moduleManager\/moduleManager.admin.php",245,"2022-06-26 12:55:08"]
["E_RECOVERABLE_ERROR","Uncaught PDOException: SQLSTATE[42000]: Syntax error or access violation: 1103 Incorrect table name ' gameNews ' in \/var\/www\/vhosts\/cranky-wright.95-154-196-48.plesk.page\/httpdocs\/modules\/installed\/moduleManager\/moduleManager.admin.php:245\nStack trace:\n#0 \/var\/www\/vhosts\/cranky-wright.95-154-196-48.plesk.page\/httpdocs\/modules\/installed\/moduleManager\/moduleManager.admin.php(245): PDO->query()\n#1 \/var\/www\/vhosts\/cranky-wright.95-154-196-48.plesk.page\/httpdocs\/modules\/installed\/moduleManager\/moduleManager.admin.php(182): adminModule->installModuleCommit()\n#2 \/var\/www\/vhosts\/cranky-wright.95-154-196-48.plesk.page\/httpdocs\/modules\/installed\/admin\/admin.inc.php(100): adminModule->method_install()\n#3 \/var\/www\/vhosts\/cranky-wright.95-154-196-48.plesk.page\/httpdocs\/modules\/installed\/admin\/admin.inc.php(30): admin->viewModule()\n#4 \/var\/www\/vhosts\/cranky-wright.95-154-196-48.plesk.page\/httpdocs\/class\/module.php(34): admin->constructModule()\n#5 \/var\/www\/vhosts\/cranky-wright.95-154-196-48.plesk.page\/httpdocs\/class\/page.ph","\/var\/www\/vhosts\/cranky-wright.95-154-196-48.plesk.page\/httpdocs\/modules\/installed\/moduleManager\/moduleManager.admin.php",245,"2022-06-26 12:58:17"]
["E_RECOVERABLE_ERROR","Uncaught PDOException: SQLSTATE[42000]: Syntax error or access violation: 1103 Incorrect table name ' gameNews ' in \/var\/www\/vhosts\/cranky-wright.95-154-196-48.plesk.page\/httpdocs\/modules\/installed\/moduleManager\/moduleManager.admin.php:245\nStack trace:\n#0 \/var\/www\/vhosts\/cranky-wright.95-154-196-48.plesk.page\/httpdocs\/modules\/installed\/moduleManager\/moduleManager.admin.php(245): PDO->query()\n#1 \/var\/www\/vhosts\/cranky-wright.95-154-196-48.plesk.page\/httpdocs\/modules\/installed\/moduleManager\/moduleManager.admin.php(182): adminModule->installModuleCommit()\n#2 \/var\/www\/vhosts\/cranky-wright.95-154-196-48.plesk.page\/httpdocs\/modules\/installed\/admin\/admin.inc.php(100): adminModule->method_install()\n#3 \/var\/www\/vhosts\/cranky-wright.95-154-196-48.plesk.page\/httpdocs\/modules\/installed\/admin\/admin.inc.php(30): admin->viewModule()\n#4 \/var\/www\/vhosts\/cranky-wright.95-154-196-48.plesk.page\/httpdocs\/class\/module.php(34): admin->constructModule()\n#5 \/var\/www\/vhosts\/cranky-wright.95-154-196-48.plesk.page\/httpdocs\/class\/page.ph","\/var\/www\/vhosts\/cranky-wright.95-154-196-48.plesk.page\/httpdocs\/modules\/installed\/moduleManager\/moduleManager.admin.php",245,"2022-06-26 12:59:36"]
["E_RECOVERABLE_ERROR","Uncaught Error: Call to a member function getInfo() on null in \/var\/www\/vhosts\/cranky-wright.95-154-196-48.plesk.page\/httpdocs\/class\/module.php:40\nStack trace:\n#0 \/var\/www\/vhosts\/cranky-wright.95-154-196-48.plesk.page\/httpdocs\/class\/page.php(159): module->__construct()\n#1 \/var\/www\/vhosts\/cranky-wright.95-154-196-48.plesk.page\/httpdocs\/class\/page.php(76): page->load()\n#2 \/var\/www\/vhosts\/cranky-wright.95-154-196-48.plesk.page\/httpdocs\/init.php(90): page->loadPage()\n#3 \/var\/www\/vhosts\/cranky-wright.95-154-196-48.plesk.page\/httpdocs\/index.php(5): require('\/var\/www\/vhosts...')\n#4 {main}\n  thrown","\/var\/www\/vhosts\/cranky-wright.95-154-196-48.plesk.page\/httpdocs\/class\/module.php",40,"2022-06-26 14:15:27"]
["E_RECOVERABLE_ERROR","Uncaught PDOException: SQLSTATE[42S21]: Column already exists: 1060 Duplicate column name 'L_distance' in \/var\/www\/vhosts\/criminalization.net\/httpdocs\/modules\/installed\/moduleManager\/moduleManager.admin.php:245\nStack trace:\n#0 \/var\/www\/vhosts\/criminalization.net\/httpdocs\/modules\/installed\/moduleManager\/moduleManager.admin.php(245): PDO->query()\n#1 \/var\/www\/vhosts\/criminalization.net\/httpdocs\/modules\/installed\/moduleManager\/moduleManager.admin.php(182): adminModule->installModuleCommit()\n#2 \/var\/www\/vhosts\/criminalization.net\/httpdocs\/modules\/installed\/admin\/admin.inc.php(100): adminModule->method_install()\n#3 \/var\/www\/vhosts\/criminalization.net\/httpdocs\/modules\/installed\/admin\/admin.inc.php(30): admin->viewModule()\n#4 \/var\/www\/vhosts\/criminalization.net\/httpdocs\/class\/module.php(34): admin->constructModule()\n#5 \/var\/www\/vhosts\/criminalization.net\/httpdocs\/class\/page.php(159): module->__construct()\n#6 \/var\/www\/vhosts\/criminalization.net\/httpdocs\/class\/page.php(76): page->load()\n#7 \/var\/www\/vhosts\/criminalizati","\/var\/www\/vhosts\/criminalization.net\/httpdocs\/modules\/installed\/moduleManager\/moduleManager.admin.php",245,"2022-06-27 12:15:56"]
["E_RECOVERABLE_ERROR","Uncaught Error: Class 'adminModule' not found in \/var\/www\/vhosts\/criminalization.net\/httpdocs\/modules\/installed\/admin\/admin.inc.php:92\nStack trace:\n#0 \/var\/www\/vhosts\/criminalization.net\/httpdocs\/modules\/installed\/admin\/admin.inc.php(30): admin->viewModule()\n#1 \/var\/www\/vhosts\/criminalization.net\/httpdocs\/class\/module.php(34): admin->constructModule()\n#2 \/var\/www\/vhosts\/criminalization.net\/httpdocs\/class\/page.php(159): module->__construct()\n#3 \/var\/www\/vhosts\/criminalization.net\/httpdocs\/class\/page.php(76): page->load()\n#4 \/var\/www\/vhosts\/criminalization.net\/httpdocs\/init.php(86): page->loadPage()\n#5 \/var\/www\/vhosts\/criminalization.net\/httpdocs\/index.php(5): require('\/var\/www\/vhosts...')\n#6 {main}\n  thrown","\/var\/www\/vhosts\/criminalization.net\/httpdocs\/modules\/installed\/admin\/admin.inc.php",92,"2022-06-27 12:20:32"]
["E_RECOVERABLE_ERROR","Uncaught Error: Class 'adminModule' not found in \/var\/www\/vhosts\/criminalization.net\/httpdocs\/modules\/installed\/admin\/admin.inc.php:92\nStack trace:\n#0 \/var\/www\/vhosts\/criminalization.net\/httpdocs\/modules\/installed\/admin\/admin.inc.php(30): admin->viewModule()\n#1 \/var\/www\/vhosts\/criminalization.net\/httpdocs\/class\/module.php(34): admin->constructModule()\n#2 \/var\/www\/vhosts\/criminalization.net\/httpdocs\/class\/page.php(159): module->__construct()\n#3 \/var\/www\/vhosts\/criminalization.net\/httpdocs\/class\/page.php(76): page->load()\n#4 \/var\/www\/vhosts\/criminalization.net\/httpdocs\/init.php(86): page->loadPage()\n#5 \/var\/www\/vhosts\/criminalization.net\/httpdocs\/index.php(5): require('\/var\/www\/vhosts...')\n#6 {main}\n  thrown","\/var\/www\/vhosts\/criminalization.net\/httpdocs\/modules\/installed\/admin\/admin.inc.php",92,"2022-06-27 12:20:43"]
["E_RECOVERABLE_ERROR","Uncaught PDOException: SQLSTATE[HY093]: Invalid parameter number: parameter was not defined in \/var\/www\/vhosts\/criminalization.net\/httpdocs\/class\/db.php:16\nStack trace:\n#0 \/var\/www\/vhosts\/criminalization.net\/httpdocs\/class\/db.php(16): PDOStatement->execute()\n#1 \/var\/www\/vhosts\/criminalization.net\/httpdocs\/class\/db.php(22): glPDO->runQuery()\n#2 \/var\/www\/vhosts\/criminalization.net\/httpdocs\/modules\/installed\/travel\/travel.admin.php(109): glPDO->update()\n#3 \/var\/www\/vhosts\/criminalization.net\/httpdocs\/modules\/installed\/admin\/admin.inc.php(100): adminModule->method_edit()\n#4 \/var\/www\/vhosts\/criminalization.net\/httpdocs\/modules\/installed\/admin\/admin.inc.php(30): admin->viewModule()\n#5 \/var\/www\/vhosts\/criminalization.net\/httpdocs\/class\/module.php(34): admin->constructModule()\n#6 \/var\/www\/vhosts\/criminalization.net\/httpdocs\/class\/page.php(159): module->__construct()\n#7 \/var\/www\/vhosts\/criminalization.net\/httpdocs\/class\/page.php(76): page->load()\n#8 \/var\/www\/vhosts\/criminalization.net\/httpdocs\/init.php(86): page->load","\/var\/www\/vhosts\/criminalization.net\/httpdocs\/class\/db.php",16,"2022-06-27 12:22:58"]
["E_RECOVERABLE_ERROR","Uncaught Error: Class 'adminModule' not found in \/var\/www\/vhosts\/criminalization.net\/httpdocs\/modules\/installed\/admin\/admin.inc.php:92\nStack trace:\n#0 \/var\/www\/vhosts\/criminalization.net\/httpdocs\/modules\/installed\/admin\/admin.inc.php(30): admin->viewModule()\n#1 \/var\/www\/vhosts\/criminalization.net\/httpdocs\/class\/module.php(34): admin->constructModule()\n#2 \/var\/www\/vhosts\/criminalization.net\/httpdocs\/class\/page.php(159): module->__construct()\n#3 \/var\/www\/vhosts\/criminalization.net\/httpdocs\/class\/page.php(76): page->load()\n#4 \/var\/www\/vhosts\/criminalization.net\/httpdocs\/init.php(86): page->loadPage()\n#5 \/var\/www\/vhosts\/criminalization.net\/httpdocs\/index.php(5): require('\/var\/www\/vhosts...')\n#6 {main}\n  thrown","\/var\/www\/vhosts\/criminalization.net\/httpdocs\/modules\/installed\/admin\/admin.inc.php",92,"2022-06-27 13:56:16"]
["E_RECOVERABLE_ERROR","Uncaught Error: Class 'adminModule' not found in \/var\/www\/vhosts\/criminalization.net\/httpdocs\/modules\/installed\/admin\/admin.inc.php:92\nStack trace:\n#0 \/var\/www\/vhosts\/criminalization.net\/httpdocs\/modules\/installed\/admin\/admin.inc.php(30): admin->viewModule()\n#1 \/var\/www\/vhosts\/criminalization.net\/httpdocs\/class\/module.php(34): admin->constructModule()\n#2 \/var\/www\/vhosts\/criminalization.net\/httpdocs\/class\/page.php(159): module->__construct()\n#3 \/var\/www\/vhosts\/criminalization.net\/httpdocs\/class\/page.php(76): page->load()\n#4 \/var\/www\/vhosts\/criminalization.net\/httpdocs\/init.php(86): page->loadPage()\n#5 \/var\/www\/vhosts\/criminalization.net\/httpdocs\/index.php(5): require('\/var\/www\/vhosts...')\n#6 {main}\n  thrown","\/var\/www\/vhosts\/criminalization.net\/httpdocs\/modules\/installed\/admin\/admin.inc.php",92,"2022-06-27 13:57:28"]
["E_RECOVERABLE_ERROR","Uncaught PDOException: SQLSTATE[42S21]: Column already exists: 1060 Duplicate column name 'V_max' in \/var\/www\/vhosts\/criminalization.net\/httpdocs\/modules\/installed\/moduleManager\/moduleManager.admin.php:245\nStack trace:\n#0 \/var\/www\/vhosts\/criminalization.net\/httpdocs\/modules\/installed\/moduleManager\/moduleManager.admin.php(245): PDO->query()\n#1 \/var\/www\/vhosts\/criminalization.net\/httpdocs\/modules\/installed\/moduleManager\/moduleManager.admin.php(182): adminModule->installModuleCommit()\n#2 \/var\/www\/vhosts\/criminalization.net\/httpdocs\/modules\/installed\/admin\/admin.inc.php(100): adminModule->method_install()\n#3 \/var\/www\/vhosts\/criminalization.net\/httpdocs\/modules\/installed\/admin\/admin.inc.php(30): admin->viewModule()\n#4 \/var\/www\/vhosts\/criminalization.net\/httpdocs\/class\/module.php(34): admin->constructModule()\n#5 \/var\/www\/vhosts\/criminalization.net\/httpdocs\/class\/page.php(159): module->__construct()\n#6 \/var\/www\/vhosts\/criminalization.net\/httpdocs\/class\/page.php(76): page->load()\n#7 \/var\/www\/vhosts\/criminalization.ne","\/var\/www\/vhosts\/criminalization.net\/httpdocs\/modules\/installed\/moduleManager\/moduleManager.admin.php",245,"2022-06-27 13:57:47"]
["E_RECOVERABLE_ERROR","Uncaught Error: Class 'adminModule' not found in \/var\/www\/vhosts\/criminalization.net\/httpdocs\/modules\/installed\/admin\/admin.inc.php:92\nStack trace:\n#0 \/var\/www\/vhosts\/criminalization.net\/httpdocs\/modules\/installed\/admin\/admin.inc.php(30): admin->viewModule()\n#1 \/var\/www\/vhosts\/criminalization.net\/httpdocs\/class\/module.php(34): admin->constructModule()\n#2 \/var\/www\/vhosts\/criminalization.net\/httpdocs\/class\/page.php(159): module->__construct()\n#3 \/var\/www\/vhosts\/criminalization.net\/httpdocs\/class\/page.php(76): page->load()\n#4 \/var\/www\/vhosts\/criminalization.net\/httpdocs\/init.php(86): page->loadPage()\n#5 \/var\/www\/vhosts\/criminalization.net\/httpdocs\/index.php(5): require('\/var\/www\/vhosts...')\n#6 {main}\n  thrown","\/var\/www\/vhosts\/criminalization.net\/httpdocs\/modules\/installed\/admin\/admin.inc.php",92,"2022-06-27 19:38:22"]
["E_RECOVERABLE_ERROR","Uncaught Error: Call to a member function getTimer() on null in \/var\/www\/vhosts\/criminalization.net\/httpdocs\/modules\/installed\/crimes\/crimes.hooks.php:17\nStack trace:\n#0 \/var\/www\/vhosts\/criminalization.net\/httpdocs\/class\/hook.php(46): page->{closure}()\n#1 \/var\/www\/vhosts\/criminalization.net\/httpdocs\/class\/page.php(192): hook->run()\n#2 \/var\/www\/vhosts\/criminalization.net\/httpdocs\/class\/page.php(76): page->load()\n#3 \/var\/www\/vhosts\/criminalization.net\/httpdocs\/init.php(86): page->loadPage()\n#4 \/var\/www\/vhosts\/criminalization.net\/httpdocs\/index.php(5): require('\/var\/www\/vhosts...')\n#5 {main}\n  thrown","\/var\/www\/vhosts\/criminalization.net\/httpdocs\/modules\/installed\/crimes\/crimes.hooks.php",17,"2022-06-28 12:04:35"]
["E_RECOVERABLE_ERROR","Uncaught Error: Call to a member function getTimer() on null in \/var\/www\/vhosts\/criminalization.net\/httpdocs\/modules\/installed\/crimes\/crimes.hooks.php:18\nStack trace:\n#0 \/var\/www\/vhosts\/criminalization.net\/httpdocs\/class\/hook.php(46): page->{closure}()\n#1 \/var\/www\/vhosts\/criminalization.net\/httpdocs\/class\/page.php(192): hook->run()\n#2 \/var\/www\/vhosts\/criminalization.net\/httpdocs\/class\/page.php(76): page->load()\n#3 \/var\/www\/vhosts\/criminalization.net\/httpdocs\/init.php(86): page->loadPage()\n#4 \/var\/www\/vhosts\/criminalization.net\/httpdocs\/index.php(5): require('\/var\/www\/vhosts...')\n#5 {main}\n  thrown","\/var\/www\/vhosts\/criminalization.net\/httpdocs\/modules\/installed\/crimes\/crimes.hooks.php",18,"2022-06-28 12:05:03"]
["E_RECOVERABLE_ERROR","Uncaught Error: Call to a member function getTimer() on null in \/var\/www\/vhosts\/criminalization.net\/httpdocs\/modules\/installed\/crimes\/crimes.hooks.php:18\nStack trace:\n#0 \/var\/www\/vhosts\/criminalization.net\/httpdocs\/class\/hook.php(46): page->{closure}()\n#1 \/var\/www\/vhosts\/criminalization.net\/httpdocs\/class\/page.php(192): hook->run()\n#2 \/var\/www\/vhosts\/criminalization.net\/httpdocs\/class\/page.php(76): page->load()\n#3 \/var\/www\/vhosts\/criminalization.net\/httpdocs\/init.php(86): page->loadPage()\n#4 \/var\/www\/vhosts\/criminalization.net\/httpdocs\/index.php(5): require('\/var\/www\/vhosts...')\n#5 {main}\n  thrown","\/var\/www\/vhosts\/criminalization.net\/httpdocs\/modules\/installed\/crimes\/crimes.hooks.php",18,"2022-06-28 12:05:05"]
["E_RECOVERABLE_ERROR","Uncaught Error: Class 'adminModule' not found in \/var\/www\/vhosts\/criminalization.net\/httpdocs\/modules\/installed\/admin\/admin.inc.php:92\nStack trace:\n#0 \/var\/www\/vhosts\/criminalization.net\/httpdocs\/modules\/installed\/admin\/admin.inc.php(30): admin->viewModule()\n#1 \/var\/www\/vhosts\/criminalization.net\/httpdocs\/class\/module.php(34): admin->constructModule()\n#2 \/var\/www\/vhosts\/criminalization.net\/httpdocs\/class\/page.php(159): module->__construct()\n#3 \/var\/www\/vhosts\/criminalization.net\/httpdocs\/class\/page.php(76): page->load()\n#4 \/var\/www\/vhosts\/criminalization.net\/httpdocs\/init.php(86): page->loadPage()\n#5 \/var\/www\/vhosts\/criminalization.net\/httpdocs\/index.php(5): require('\/var\/www\/vhosts...')\n#6 {main}\n  thrown","\/var\/www\/vhosts\/criminalization.net\/httpdocs\/modules\/installed\/admin\/admin.inc.php",92,"2022-06-28 14:46:13"]
["E_RECOVERABLE_ERROR","Uncaught PDOException: SQLSTATE[42S22]: Column not found: 1054 Unknown column 'US_crimesdone' in 'field list' in \/var\/www\/vhosts\/criminalization.net\/beta.criminalization.net\/class\/user.php:530\nStack trace:\n#0 \/var\/www\/vhosts\/criminalization.net\/beta.criminalization.net\/class\/user.php(530): PDOStatement->execute()\n#1 \/var\/www\/vhosts\/criminalization.net\/beta.criminalization.net\/modules\/installed\/awards\/awards.hooks.php(140): user->set()\n#2 \/var\/www\/vhosts\/criminalization.net\/beta.criminalization.net\/class\/hook.php(46): page->{closure}()\n#3 \/var\/www\/vhosts\/criminalization.net\/beta.criminalization.net\/modules\/installed\/crimes\/crimes.inc.php(179): hook->run()\n#4 \/var\/www\/vhosts\/criminalization.net\/beta.criminalization.net\/class\/module.php(29): crimes->method_commit()\n#5 \/var\/www\/vhosts\/criminalization.net\/beta.criminalization.net\/class\/page.php(159): module->__construct()\n#6 \/var\/www\/vhosts\/criminalization.net\/beta.criminalization.net\/class\/page.php(76): page->load()\n#7 \/var\/www\/vhosts\/criminalization.net\/beta.cri","\/var\/www\/vhosts\/criminalization.net\/beta.criminalization.net\/class\/user.php",530,"2022-06-30 01:13:50"]
["E_RECOVERABLE_ERROR","Uncaught PDOException: SQLSTATE[42S22]: Column not found: 1054 Unknown column 'US_crimesdone' in 'field list' in \/var\/www\/vhosts\/criminalization.net\/beta.criminalization.net\/class\/user.php:530\nStack trace:\n#0 \/var\/www\/vhosts\/criminalization.net\/beta.criminalization.net\/class\/user.php(530): PDOStatement->execute()\n#1 \/var\/www\/vhosts\/criminalization.net\/beta.criminalization.net\/modules\/installed\/awards\/awards.hooks.php(140): user->set()\n#2 \/var\/www\/vhosts\/criminalization.net\/beta.criminalization.net\/class\/hook.php(46): page->{closure}()\n#3 \/var\/www\/vhosts\/criminalization.net\/beta.criminalization.net\/modules\/installed\/crimes\/crimes.inc.php(179): hook->run()\n#4 \/var\/www\/vhosts\/criminalization.net\/beta.criminalization.net\/class\/module.php(29): crimes->method_commit()\n#5 \/var\/www\/vhosts\/criminalization.net\/beta.criminalization.net\/class\/page.php(159): module->__construct()\n#6 \/var\/www\/vhosts\/criminalization.net\/beta.criminalization.net\/class\/page.php(76): page->load()\n#7 \/var\/www\/vhosts\/criminalization.net\/beta.cri","\/var\/www\/vhosts\/criminalization.net\/beta.criminalization.net\/class\/user.php",530,"2022-06-30 01:20:25"]
["E_RECOVERABLE_ERROR","Uncaught PDOException: SQLSTATE[42S22]: Column not found: 1054 Unknown column 'US_crimesdone' in 'field list' in \/var\/www\/vhosts\/criminalization.net\/beta.criminalization.net\/class\/user.php:530\nStack trace:\n#0 \/var\/www\/vhosts\/criminalization.net\/beta.criminalization.net\/class\/user.php(530): PDOStatement->execute()\n#1 \/var\/www\/vhosts\/criminalization.net\/beta.criminalization.net\/modules\/installed\/awards\/awards.hooks.php(140): user->set()\n#2 \/var\/www\/vhosts\/criminalization.net\/beta.criminalization.net\/class\/hook.php(46): page->{closure}()\n#3 \/var\/www\/vhosts\/criminalization.net\/beta.criminalization.net\/modules\/installed\/crimes\/crimes.inc.php(179): hook->run()\n#4 \/var\/www\/vhosts\/criminalization.net\/beta.criminalization.net\/class\/module.php(29): crimes->method_commit()\n#5 \/var\/www\/vhosts\/criminalization.net\/beta.criminalization.net\/class\/page.php(159): module->__construct()\n#6 \/var\/www\/vhosts\/criminalization.net\/beta.criminalization.net\/class\/page.php(76): page->load()\n#7 \/var\/www\/vhosts\/criminalization.net\/beta.cri","\/var\/www\/vhosts\/criminalization.net\/beta.criminalization.net\/class\/user.php",530,"2022-06-30 01:24:06"]
["E_RECOVERABLE_ERROR","syntax error, unexpected 'foreach' (T_FOREACH)","\/var\/www\/vhosts\/criminalization.net\/beta.criminalization.net\/modules\/installed\/crimes\/crimes.admin.php",46,"2022-06-30 02:25:42"]
["E_RECOVERABLE_ERROR","Uncaught Error: An iterator cannot be used with foreach by reference in \/var\/www\/vhosts\/criminalization.net\/beta.criminalization.net\/modules\/installed\/crimes\/crimes.admin.php:41\nStack trace:\n#0 \/var\/www\/vhosts\/criminalization.net\/beta.criminalization.net\/modules\/installed\/crimes\/crimes.admin.php(262): adminModule->getCrime()\n#1 \/var\/www\/vhosts\/criminalization.net\/beta.criminalization.net\/modules\/installed\/admin\/admin.inc.php(100): adminModule->method_view()\n#2 \/var\/www\/vhosts\/criminalization.net\/beta.criminalization.net\/modules\/installed\/admin\/admin.inc.php(30): admin->viewModule()\n#3 \/var\/www\/vhosts\/criminalization.net\/beta.criminalization.net\/class\/module.php(34): admin->constructModule()\n#4 \/var\/www\/vhosts\/criminalization.net\/beta.criminalization.net\/class\/page.php(159): module->__construct()\n#5 \/var\/www\/vhosts\/criminalization.net\/beta.criminalization.net\/class\/page.php(76): page->load()\n#6 \/var\/www\/vhosts\/criminalization.net\/beta.criminalization.net\/init.php(86): page->loadPage()\n#7 \/var\/www\/vhosts\/crimin","\/var\/www\/vhosts\/criminalization.net\/beta.criminalization.net\/modules\/installed\/crimes\/crimes.admin.php",41,"2022-06-30 02:30:30"]
["E_RECOVERABLE_ERROR","Uncaught Error: Call to a member function fetch() on null in \/var\/www\/vhosts\/criminalization.net\/beta.criminalization.net\/modules\/installed\/crimes\/crimes.admin.php:105\nStack trace:\n#0 \/var\/www\/vhosts\/criminalization.net\/beta.criminalization.net\/modules\/installed\/crimes\/crimes.admin.php(198): adminModule->getCrime()\n#1 \/var\/www\/vhosts\/criminalization.net\/beta.criminalization.net\/modules\/installed\/admin\/admin.inc.php(100): adminModule->method_edit()\n#2 \/var\/www\/vhosts\/criminalization.net\/beta.criminalization.net\/modules\/installed\/admin\/admin.inc.php(30): admin->viewModule()\n#3 \/var\/www\/vhosts\/criminalization.net\/beta.criminalization.net\/class\/module.php(34): admin->constructModule()\n#4 \/var\/www\/vhosts\/criminalization.net\/beta.criminalization.net\/class\/page.php(159): module->__construct()\n#5 \/var\/www\/vhosts\/criminalization.net\/beta.criminalization.net\/class\/page.php(76): page->load()\n#6 \/var\/www\/vhosts\/criminalization.net\/beta.criminalization.net\/init.php(86): page->loadPage()\n#7 \/var\/www\/vhosts\/criminalization.","\/var\/www\/vhosts\/criminalization.net\/beta.criminalization.net\/modules\/installed\/crimes\/crimes.admin.php",105,"2022-06-30 02:43:48"]
["E_RECOVERABLE_ERROR","require(): Failed opening required 'helpers\/crime_helper.php' (include_path='.:\/opt\/plesk\/php\/7.4\/share\/pear')","\/var\/www\/vhosts\/criminalization.net\/beta.criminalization.net\/modules\/installed\/crimes\/crimes.admin.php",3,"2022-06-30 13:48:04"]
["E_RECOVERABLE_ERROR","require(): Failed opening required 'helpers\\\/crime_helper.php' (include_path='.:\/opt\/plesk\/php\/7.4\/share\/pear')","\/var\/www\/vhosts\/criminalization.net\/beta.criminalization.net\/modules\/installed\/crimes\/crimes.admin.php",3,"2022-06-30 13:49:20"]
["E_RECOVERABLE_ERROR","require(): Failed opening required '..\/..\/..\/helpers\/crime_helper.php' (include_path='.:\/opt\/plesk\/php\/7.4\/share\/pear')","\/var\/www\/vhosts\/criminalization.net\/beta.criminalization.net\/modules\/installed\/crimes\/crimes.admin.php",3,"2022-06-30 14:16:16"]
["E_RECOVERABLE_ERROR","require(): Failed opening required '..\/..\/..\/helpers\/crime_helper.php' (include_path='.:\/opt\/plesk\/php\/7.4\/share\/pear')","\/var\/www\/vhosts\/criminalization.net\/beta.criminalization.net\/modules\/installed\/crimes\/crimes.admin.php",3,"2022-06-30 14:16:47"]
["E_RECOVERABLE_ERROR","require(): Failed opening required 'var\/www\/vhosts\/criminalization.net\/beta.criminalization.net\/helpers\/crime_helper.php' (include_path='.:\/opt\/plesk\/php\/7.4\/share\/pear')","\/var\/www\/vhosts\/criminalization.net\/beta.criminalization.net\/modules\/installed\/crimes\/crimes.admin.php",3,"2022-06-30 14:19:20"]
["E_RECOVERABLE_ERROR","syntax error, unexpected 'stylesheet' (T_STRING), expecting ';' or ','","\/var\/www\/vhosts\/criminalization.net\/beta.criminalization.net\/themes\/themeBuilder\/loggedin.php",465,"2022-06-30 15:41:30"]
["E_RECOVERABLE_ERROR","syntax error, unexpected 'stylesheet' (T_STRING), expecting ';' or ','","\/var\/www\/vhosts\/criminalization.net\/beta.criminalization.net\/themes\/themeBuilder\/loggedin.php",465,"2022-06-30 15:42:39"]
["E_RECOVERABLE_ERROR","syntax error, unexpected 'stylesheet' (T_STRING), expecting ';' or ','","\/var\/www\/vhosts\/criminalization.net\/beta.criminalization.net\/themes\/themeBuilder\/loggedin.php",465,"2022-06-30 15:42:40"]
["E_RECOVERABLE_ERROR","syntax error, unexpected 'stylesheet' (T_STRING), expecting ';' or ','","\/var\/www\/vhosts\/criminalization.net\/beta.criminalization.net\/themes\/themeBuilder\/loggedin.php",465,"2022-06-30 15:42:40"]
["E_RECOVERABLE_ERROR","syntax error, unexpected 'stylesheet' (T_STRING), expecting ';' or ','","\/var\/www\/vhosts\/criminalization.net\/beta.criminalization.net\/themes\/themeBuilder\/loggedin.php",465,"2022-06-30 15:42:41"]
["E_RECOVERABLE_ERROR","syntax error, unexpected 'stylesheet' (T_STRING), expecting ';' or ','","\/var\/www\/vhosts\/criminalization.net\/beta.criminalization.net\/themes\/themeBuilder\/loggedin.php",465,"2022-06-30 15:42:41"]
["E_RECOVERABLE_ERROR","syntax error, unexpected 'stylesheet' (T_STRING), expecting ';' or ','","\/var\/www\/vhosts\/criminalization.net\/beta.criminalization.net\/themes\/themeBuilder\/loggedin.php",465,"2022-06-30 15:42:41"]
["E_RECOVERABLE_ERROR","syntax error, unexpected 'stylesheet' (T_STRING), expecting ';' or ','","\/var\/www\/vhosts\/criminalization.net\/beta.criminalization.net\/themes\/themeBuilder\/loggedin.php",465,"2022-06-30 15:42:42"]
["E_RECOVERABLE_ERROR","syntax error, unexpected 'stylesheet' (T_STRING), expecting ';' or ','","\/var\/www\/vhosts\/criminalization.net\/beta.criminalization.net\/themes\/themeBuilder\/loggedin.php",465,"2022-06-30 15:42:43"]
["E_RECOVERABLE_ERROR","syntax error, unexpected 'stylesheet' (T_STRING), expecting ';' or ','","\/var\/www\/vhosts\/criminalization.net\/beta.criminalization.net\/themes\/themeBuilder\/loggedin.php",465,"2022-06-30 15:42:44"]
["E_RECOVERABLE_ERROR","syntax error, unexpected 'stylesheet' (T_STRING), expecting ';' or ','","\/var\/www\/vhosts\/criminalization.net\/beta.criminalization.net\/themes\/themeBuilder\/loggedin.php",465,"2022-06-30 15:42:44"]
["E_RECOVERABLE_ERROR","syntax error, unexpected 'stylesheet' (T_STRING), expecting ';' or ','","\/var\/www\/vhosts\/criminalization.net\/beta.criminalization.net\/themes\/themeBuilder\/loggedin.php",465,"2022-06-30 15:43:54"]
["E_RECOVERABLE_ERROR","syntax error, unexpected 'stylesheet' (T_STRING), expecting ';' or ','","\/var\/www\/vhosts\/criminalization.net\/beta.criminalization.net\/themes\/themeBuilder\/loggedin.php",465,"2022-06-30 15:43:54"]
["E_RECOVERABLE_ERROR","syntax error, unexpected 'stylesheet' (T_STRING), expecting ';' or ','","\/var\/www\/vhosts\/criminalization.net\/beta.criminalization.net\/themes\/themeBuilder\/loggedin.php",465,"2022-06-30 15:45:08"]
["E_RECOVERABLE_ERROR","syntax error, unexpected 'stylesheet' (T_STRING), expecting ';' or ','","\/var\/www\/vhosts\/criminalization.net\/beta.criminalization.net\/themes\/themeBuilder\/loggedin.php",465,"2022-06-30 15:45:57"]
["E_RECOVERABLE_ERROR","syntax error, unexpected 'stylesheet' (T_STRING), expecting ';' or ','","\/var\/www\/vhosts\/criminalization.net\/beta.criminalization.net\/themes\/themeBuilder\/loggedin.php",465,"2022-06-30 15:45:58"]
["E_RECOVERABLE_ERROR","syntax error, unexpected 'stylesheet' (T_STRING), expecting ';' or ','","\/var\/www\/vhosts\/criminalization.net\/beta.criminalization.net\/themes\/themeBuilder\/loggedin.php",465,"2022-06-30 15:46:11"]
["E_RECOVERABLE_ERROR","syntax error, unexpected 'stylesheet' (T_STRING), expecting ';' or ','","\/var\/www\/vhosts\/criminalization.net\/beta.criminalization.net\/themes\/themeBuilder\/loggedin.php",465,"2022-06-30 15:46:12"]
["E_RECOVERABLE_ERROR","syntax error, unexpected 'stylesheet' (T_STRING), expecting ';' or ','","\/var\/www\/vhosts\/criminalization.net\/beta.criminalization.net\/themes\/themeBuilder\/loggedin.php",465,"2022-06-30 15:48:17"]
["E_RECOVERABLE_ERROR","syntax error, unexpected 'stylesheet' (T_STRING), expecting ';' or ','","\/var\/www\/vhosts\/criminalization.net\/beta.criminalization.net\/themes\/themeBuilder\/loggedin.php",465,"2022-06-30 15:48:18"]
["E_RECOVERABLE_ERROR","syntax error, unexpected 'stylesheet' (T_STRING), expecting ';' or ','","\/var\/www\/vhosts\/criminalization.net\/beta.criminalization.net\/themes\/themeBuilder\/loggedin.php",465,"2022-06-30 15:49:58"]
["E_RECOVERABLE_ERROR","syntax error, unexpected 'stylesheet' (T_STRING), expecting ';' or ','","\/var\/www\/vhosts\/criminalization.net\/beta.criminalization.net\/themes\/themeBuilder\/loggedin.php",465,"2022-06-30 15:49:59"]
["E_RECOVERABLE_ERROR","syntax error, unexpected 'stylesheet' (T_STRING), expecting ';' or ','","\/var\/www\/vhosts\/criminalization.net\/beta.criminalization.net\/themes\/themeBuilder\/loggedin.php",465,"2022-06-30 15:50:06"]
["E_RECOVERABLE_ERROR","syntax error, unexpected 'stylesheet' (T_STRING), expecting ';' or ','","\/var\/www\/vhosts\/criminalization.net\/beta.criminalization.net\/themes\/themeBuilder\/loggedin.php",465,"2022-06-30 15:50:57"]
["E_RECOVERABLE_ERROR","syntax error, unexpected 'stylesheet' (T_STRING), expecting ';' or ','","\/var\/www\/vhosts\/criminalization.net\/beta.criminalization.net\/themes\/themeBuilder\/loggedin.php",465,"2022-06-30 15:50:58"]
["E_RECOVERABLE_ERROR","syntax error, unexpected 'stylesheet' (T_STRING), expecting ';' or ','","\/var\/www\/vhosts\/criminalization.net\/beta.criminalization.net\/themes\/themeBuilder\/loggedin.php",504,"2022-06-30 15:53:34"]
["E_RECOVERABLE_ERROR","syntax error, unexpected '{'","\/var\/www\/vhosts\/criminalization.net\/beta.criminalization.net\/themes\/themeBuilder\/loggedin.php",465,"2022-06-30 16:25:22"]
["E_RECOVERABLE_ERROR","syntax error, unexpected '$offRatio' (T_VARIABLE)","\/var\/www\/vhosts\/criminalization.net\/beta.criminalization.net\/themes\/themeBuilder\/loggedin.php",150,"2022-06-30 16:33:26"]
["E_RECOVERABLE_ERROR","syntax error, unexpected '$offRatio' (T_VARIABLE)","\/var\/www\/vhosts\/criminalization.net\/beta.criminalization.net\/themes\/themeBuilder\/loggedin.php",150,"2022-06-30 16:34:06"]
["E_RECOVERABLE_ERROR","syntax error, unexpected ''' (T_CONSTANT_ENCAPSED_STRING)","\/var\/www\/vhosts\/criminalization.net\/beta.criminalization.net\/themes\/themeBuilder\/loggedin.php",303,"2022-06-30 16:34:15"]
["E_RECOVERABLE_ERROR","syntax error, unexpected ''' (T_CONSTANT_ENCAPSED_STRING)","\/var\/www\/vhosts\/criminalization.net\/beta.criminalization.net\/themes\/themeBuilder\/loggedin.php",303,"2022-06-30 16:34:16"]
["E_RECOVERABLE_ERROR","syntax error, unexpected ''' (T_CONSTANT_ENCAPSED_STRING)","\/var\/www\/vhosts\/criminalization.net\/beta.criminalization.net\/themes\/themeBuilder\/loggedin.php",303,"2022-06-30 16:34:17"]
["E_RECOVERABLE_ERROR","syntax error, unexpected '.'","\/var\/www\/vhosts\/criminalization.net\/beta.criminalization.net\/themes\/themeBuilder\/loggedin.php",153,"2022-06-30 16:34:52"]
["E_RECOVERABLE_ERROR","syntax error, unexpected '.'","\/var\/www\/vhosts\/criminalization.net\/beta.criminalization.net\/themes\/themeBuilder\/loggedin.php",153,"2022-06-30 16:34:53"]
["E_RECOVERABLE_ERROR","syntax error, unexpected '.'","\/var\/www\/vhosts\/criminalization.net\/beta.criminalization.net\/themes\/themeBuilder\/loggedin.php",153,"2022-06-30 16:34:53"]
["E_RECOVERABLE_ERROR","syntax error, unexpected '.'","\/var\/www\/vhosts\/criminalization.net\/beta.criminalization.net\/themes\/themeBuilder\/loggedin.php",153,"2022-06-30 16:35:31"]
["E_RECOVERABLE_ERROR","syntax error, unexpected 'global' (T_GLOBAL), expecting function (T_FUNCTION) or const (T_CONST)","\/var\/www\/vhosts\/criminalization.net\/beta.criminalization.net\/themes\/themeBuilder\/loggedin.php",464,"2022-06-30 16:37:55"]
["E_RECOVERABLE_ERROR","syntax error, unexpected '$oRatio' (T_VARIABLE), expecting function (T_FUNCTION) or const (T_CONST)","\/var\/www\/vhosts\/criminalization.net\/beta.criminalization.net\/themes\/themeBuilder\/loggedin.php",464,"2022-06-30 16:38:31"]
["E_RECOVERABLE_ERROR","syntax error, unexpected '$oRatio' (T_VARIABLE), expecting function (T_FUNCTION) or const (T_CONST)","\/var\/www\/vhosts\/criminalization.net\/beta.criminalization.net\/themes\/themeBuilder\/loggedin.php",464,"2022-06-30 16:38:33"]
["E_RECOVERABLE_ERROR","syntax error, unexpected '$oRatio' (T_VARIABLE), expecting function (T_FUNCTION) or const (T_CONST)","\/var\/www\/vhosts\/criminalization.net\/beta.criminalization.net\/themes\/themeBuilder\/loggedin.php",464,"2022-06-30 16:38:33"]
["E_RECOVERABLE_ERROR","syntax error, unexpected '$oRatio' (T_VARIABLE), expecting function (T_FUNCTION) or const (T_CONST)","\/var\/www\/vhosts\/criminalization.net\/beta.criminalization.net\/themes\/themeBuilder\/loggedin.php",464,"2022-06-30 16:39:48"]
["E_RECOVERABLE_ERROR","syntax error, unexpected '$oRatio' (T_VARIABLE), expecting function (T_FUNCTION) or const (T_CONST)","\/var\/www\/vhosts\/criminalization.net\/beta.criminalization.net\/themes\/themeBuilder\/loggedin.php",464,"2022-06-30 16:39:53"]
["E_RECOVERABLE_ERROR","syntax error, unexpected '=', expecting ';' or ','","\/var\/www\/vhosts\/criminalization.net\/beta.criminalization.net\/themes\/themeBuilder\/loggedin.php",58,"2022-06-30 16:40:01"]
["E_RECOVERABLE_ERROR","syntax error, unexpected '=', expecting ';' or ','","\/var\/www\/vhosts\/criminalization.net\/beta.criminalization.net\/themes\/themeBuilder\/loggedin.php",58,"2022-06-30 16:40:02"]
["E_RECOVERABLE_ERROR","Uncaught Error: Call to undefined function setStats() in \/var\/www\/vhosts\/criminalization.net\/beta.criminalization.net\/themes\/themeBuilder\/loggedin.php:461\nStack trace:\n#0 \/var\/www\/vhosts\/criminalization.net\/beta.criminalization.net\/class\/template.php(37): mainTemplate->__construct()\n#1 \/var\/www\/vhosts\/criminalization.net\/beta.criminalization.net\/class\/template.php(28): template->loadMainPage()\n#2 \/var\/www\/vhosts\/criminalization.net\/beta.criminalization.net\/class\/page.php(144): template->__construct()\n#3 \/var\/www\/vhosts\/criminalization.net\/beta.criminalization.net\/class\/page.php(76): page->load()\n#4 \/var\/www\/vhosts\/criminalization.net\/beta.criminalization.net\/init.php(86): page->loadPage()\n#5 \/var\/www\/vhosts\/criminalization.net\/beta.criminalization.net\/index.php(5): require('\/var\/www\/vhosts...')\n#6 {main}\n  thrown","\/var\/www\/vhosts\/criminalization.net\/beta.criminalization.net\/themes\/themeBuilder\/loggedin.php",461,"2022-06-30 16:45:20"]
["E_RECOVERABLE_ERROR","Uncaught Error: Call to undefined function setStats() in \/var\/www\/vhosts\/criminalization.net\/beta.criminalization.net\/themes\/themeBuilder\/loggedin.php:462\nStack trace:\n#0 \/var\/www\/vhosts\/criminalization.net\/beta.criminalization.net\/class\/template.php(37): mainTemplate->__construct()\n#1 \/var\/www\/vhosts\/criminalization.net\/beta.criminalization.net\/class\/template.php(28): template->loadMainPage()\n#2 \/var\/www\/vhosts\/criminalization.net\/beta.criminalization.net\/class\/page.php(144): template->__construct()\n#3 \/var\/www\/vhosts\/criminalization.net\/beta.criminalization.net\/class\/page.php(76): page->load()\n#4 \/var\/www\/vhosts\/criminalization.net\/beta.criminalization.net\/init.php(86): page->loadPage()\n#5 \/var\/www\/vhosts\/criminalization.net\/beta.criminalization.net\/index.php(5): require('\/var\/www\/vhosts...')\n#6 {main}\n  thrown","\/var\/www\/vhosts\/criminalization.net\/beta.criminalization.net\/themes\/themeBuilder\/loggedin.php",462,"2022-06-30 16:47:21"]
["E_RECOVERABLE_ERROR","Uncaught Error: Call to undefined function setStats() in \/var\/www\/vhosts\/criminalization.net\/beta.criminalization.net\/themes\/themeBuilder\/loggedin.php:462\nStack trace:\n#0 \/var\/www\/vhosts\/criminalization.net\/beta.criminalization.net\/class\/template.php(37): mainTemplate->__construct()\n#1 \/var\/www\/vhosts\/criminalization.net\/beta.criminalization.net\/class\/template.php(28): template->loadMainPage()\n#2 \/var\/www\/vhosts\/criminalization.net\/beta.criminalization.net\/class\/page.php(144): template->__construct()\n#3 \/var\/www\/vhosts\/criminalization.net\/beta.criminalization.net\/class\/page.php(76): page->load()\n#4 \/var\/www\/vhosts\/criminalization.net\/beta.criminalization.net\/init.php(86): page->loadPage()\n#5 \/var\/www\/vhosts\/criminalization.net\/beta.criminalization.net\/index.php(5): require('\/var\/www\/vhosts...')\n#6 {main}\n  thrown","\/var\/www\/vhosts\/criminalization.net\/beta.criminalization.net\/themes\/themeBuilder\/loggedin.php",462,"2022-06-30 16:47:22"]
["E_RECOVERABLE_ERROR","Uncaught Error: Call to undefined function setStats() in \/var\/www\/vhosts\/criminalization.net\/beta.criminalization.net\/themes\/themeBuilder\/loggedin.php:462\nStack trace:\n#0 \/var\/www\/vhosts\/criminalization.net\/beta.criminalization.net\/class\/template.php(37): mainTemplate->__construct()\n#1 \/var\/www\/vhosts\/criminalization.net\/beta.criminalization.net\/class\/template.php(28): template->loadMainPage()\n#2 \/var\/www\/vhosts\/criminalization.net\/beta.criminalization.net\/class\/page.php(144): template->__construct()\n#3 \/var\/www\/vhosts\/criminalization.net\/beta.criminalization.net\/class\/page.php(76): page->load()\n#4 \/var\/www\/vhosts\/criminalization.net\/beta.criminalization.net\/init.php(86): page->loadPage()\n#5 \/var\/www\/vhosts\/criminalization.net\/beta.criminalization.net\/index.php(5): require('\/var\/www\/vhosts...')\n#6 {main}\n  thrown","\/var\/www\/vhosts\/criminalization.net\/beta.criminalization.net\/themes\/themeBuilder\/loggedin.php",462,"2022-06-30 16:48:30"]
["E_RECOVERABLE_ERROR","Uncaught Error: Call to undefined function setStats() in \/var\/www\/vhosts\/criminalization.net\/beta.criminalization.net\/themes\/themeBuilder\/loggedin.php:462\nStack trace:\n#0 \/var\/www\/vhosts\/criminalization.net\/beta.criminalization.net\/class\/template.php(37): mainTemplate->__construct()\n#1 \/var\/www\/vhosts\/criminalization.net\/beta.criminalization.net\/class\/template.php(28): template->loadMainPage()\n#2 \/var\/www\/vhosts\/criminalization.net\/beta.criminalization.net\/class\/page.php(144): template->__construct()\n#3 \/var\/www\/vhosts\/criminalization.net\/beta.criminalization.net\/class\/page.php(76): page->load()\n#4 \/var\/www\/vhosts\/criminalization.net\/beta.criminalization.net\/init.php(86): page->loadPage()\n#5 \/var\/www\/vhosts\/criminalization.net\/beta.criminalization.net\/index.php(5): require('\/var\/www\/vhosts...')\n#6 {main}\n  thrown","\/var\/www\/vhosts\/criminalization.net\/beta.criminalization.net\/themes\/themeBuilder\/loggedin.php",462,"2022-06-30 16:48:30"]
["E_RECOVERABLE_ERROR","Uncaught Error: Call to undefined function setStats() in \/var\/www\/vhosts\/criminalization.net\/beta.criminalization.net\/themes\/themeBuilder\/loggedin.php:4\nStack trace:\n#0 \/var\/www\/vhosts\/criminalization.net\/beta.criminalization.net\/class\/template.php(36): include()\n#1 \/var\/www\/vhosts\/criminalization.net\/beta.criminalization.net\/class\/template.php(28): template->loadMainPage()\n#2 \/var\/www\/vhosts\/criminalization.net\/beta.criminalization.net\/class\/page.php(144): template->__construct()\n#3 \/var\/www\/vhosts\/criminalization.net\/beta.criminalization.net\/class\/page.php(76): page->load()\n#4 \/var\/www\/vhosts\/criminalization.net\/beta.criminalization.net\/init.php(86): page->loadPage()\n#5 \/var\/www\/vhosts\/criminalization.net\/beta.criminalization.net\/index.php(5): require('\/var\/www\/vhosts...')\n#6 {main}\n  thrown","\/var\/www\/vhosts\/criminalization.net\/beta.criminalization.net\/themes\/themeBuilder\/loggedin.php",4,"2022-06-30 16:50:22"]
["E_RECOVERABLE_ERROR","Uncaught ArgumentCountError: Too few arguments to function setStats(), 1 passed in \/var\/www\/vhosts\/criminalization.net\/beta.criminalization.net\/themes\/themeBuilder\/loggedin.php on line 463 and exactly 3 expected in \/var\/www\/vhosts\/criminalization.net\/beta.criminalization.net\/themes\/themeBuilder\/css\/user_information.php:9\nStack trace:\n#0 \/var\/www\/vhosts\/criminalization.net\/beta.criminalization.net\/themes\/themeBuilder\/loggedin.php(463): setStats()\n#1 \/var\/www\/vhosts\/criminalization.net\/beta.criminalization.net\/class\/template.php(37): mainTemplate->__construct()\n#2 \/var\/www\/vhosts\/criminalization.net\/beta.criminalization.net\/class\/template.php(28): template->loadMainPage()\n#3 \/var\/www\/vhosts\/criminalization.net\/beta.criminalization.net\/class\/page.php(144): template->__construct()\n#4 \/var\/www\/vhosts\/criminalization.net\/beta.criminalization.net\/class\/page.php(76): page->load()\n#5 \/var\/www\/vhosts\/criminalization.net\/beta.criminalization.net\/init.php(86): page->loadPage()\n#6 \/var\/www\/vhosts\/criminalization.net\/beta.","\/var\/www\/vhosts\/criminalization.net\/beta.criminalization.net\/themes\/themeBuilder\/css\/user_information.php",9,"2022-06-30 16:51:48"]
["E_RECOVERABLE_ERROR","Uncaught ArgumentCountError: Too few arguments to function setStats(), 1 passed in \/var\/www\/vhosts\/criminalization.net\/beta.criminalization.net\/themes\/themeBuilder\/loggedin.php on line 463 and exactly 3 expected in \/var\/www\/vhosts\/criminalization.net\/beta.criminalization.net\/themes\/themeBuilder\/css\/user_information.php:9\nStack trace:\n#0 \/var\/www\/vhosts\/criminalization.net\/beta.criminalization.net\/themes\/themeBuilder\/loggedin.php(463): setStats()\n#1 \/var\/www\/vhosts\/criminalization.net\/beta.criminalization.net\/class\/template.php(37): mainTemplate->__construct()\n#2 \/var\/www\/vhosts\/criminalization.net\/beta.criminalization.net\/class\/template.php(28): template->loadMainPage()\n#3 \/var\/www\/vhosts\/criminalization.net\/beta.criminalization.net\/class\/page.php(144): template->__construct()\n#4 \/var\/www\/vhosts\/criminalization.net\/beta.criminalization.net\/class\/page.php(76): page->load()\n#5 \/var\/www\/vhosts\/criminalization.net\/beta.criminalization.net\/init.php(86): page->loadPage()\n#6 \/var\/www\/vhosts\/criminalization.net\/beta.","\/var\/www\/vhosts\/criminalization.net\/beta.criminalization.net\/themes\/themeBuilder\/css\/user_information.php",9,"2022-06-30 16:52:20"]
["E_RECOVERABLE_ERROR","Uncaught Error: Call to undefined function setStats() in \/var\/www\/vhosts\/criminalization.net\/beta.criminalization.net\/themes\/themeBuilder\/loggedin.php:460\nStack trace:\n#0 \/var\/www\/vhosts\/criminalization.net\/beta.criminalization.net\/class\/template.php(37): mainTemplate->__construct()\n#1 \/var\/www\/vhosts\/criminalization.net\/beta.criminalization.net\/class\/template.php(28): template->loadMainPage()\n#2 \/var\/www\/vhosts\/criminalization.net\/beta.criminalization.net\/class\/page.php(144): template->__construct()\n#3 \/var\/www\/vhosts\/criminalization.net\/beta.criminalization.net\/class\/page.php(76): page->load()\n#4 \/var\/www\/vhosts\/criminalization.net\/beta.criminalization.net\/init.php(86): page->loadPage()\n#5 \/var\/www\/vhosts\/criminalization.net\/beta.criminalization.net\/index.php(5): require('\/var\/www\/vhosts...')\n#6 {main}\n  thrown","\/var\/www\/vhosts\/criminalization.net\/beta.criminalization.net\/themes\/themeBuilder\/loggedin.php",460,"2022-06-30 16:52:35"]
["E_RECOVERABLE_ERROR","syntax error, unexpected 'style' (T_STRING)","\/var\/www\/vhosts\/criminalization.net\/beta.criminalization.net\/themes\/themeBuilder\/loggedin.php",159,"2022-06-30 19:06:57"]
["E_RECOVERABLE_ERROR","require(): Failed opening required '\/var\/www\/vhosts\/criminalization.net\/beta.criminalization.net\/theme\/themeBuilder\/css\/user_information.php' (include_path='.:\/opt\/plesk\/php\/7.4\/share\/pear')","\/var\/www\/vhosts\/criminalization.net\/beta.criminalization.net\/themes\/themeBuilder\/loggedin.php",3,"2022-06-30 19:15:29"]
["E_RECOVERABLE_ERROR","Uncaught LogicException: Unexpected closing tag: \/each in \/var\/www\/vhosts\/criminalization.net\/beta.criminalization.net\/class\/Handlebars\/Parser.php:65\nStack trace:\n#0 \/var\/www\/vhosts\/criminalization.net\/beta.criminalization.net\/class\/Handlebars\/Parser.php(35): Handlebars\\Parser->buildTree()\n#1 \/var\/www\/vhosts\/criminalization.net\/beta.criminalization.net\/class\/Handlebars\/Handlebars.php(533): Handlebars\\Parser->parse()\n#2 \/var\/www\/vhosts\/criminalization.net\/beta.criminalization.net\/class\/Handlebars\/Handlebars.php(463): Handlebars\\Handlebars->tokenize()\n#3 \/var\/www\/vhosts\/criminalization.net\/beta.criminalization.net\/class\/Handlebars\/Handlebars.php(180): Handlebars\\Handlebars->loadTemplate()\n#4 \/var\/www\/vhosts\/criminalization.net\/beta.criminalization.net\/class\/pageElement.php(94): Handlebars\\Handlebars->render()\n#5 \/var\/www\/vhosts\/criminalization.net\/beta.criminalization.net\/class\/pageElement.php(144): pageElement->templateToHTML()\n#6 \/var\/www\/vhosts\/criminalization.net\/beta.criminalization.net\/class\/page.php(322)","\/var\/www\/vhosts\/criminalization.net\/beta.criminalization.net\/class\/Handlebars\/Parser.php",65,"2022-07-01 02:47:28"]
["E_RECOVERABLE_ERROR","Uncaught LogicException: Unexpected closing tag: \/each in \/var\/www\/vhosts\/criminalization.net\/beta.criminalization.net\/class\/Handlebars\/Parser.php:65\nStack trace:\n#0 \/var\/www\/vhosts\/criminalization.net\/beta.criminalization.net\/class\/Handlebars\/Parser.php(35): Handlebars\\Parser->buildTree()\n#1 \/var\/www\/vhosts\/criminalization.net\/beta.criminalization.net\/class\/Handlebars\/Handlebars.php(533): Handlebars\\Parser->parse()\n#2 \/var\/www\/vhosts\/criminalization.net\/beta.criminalization.net\/class\/Handlebars\/Handlebars.php(463): Handlebars\\Handlebars->tokenize()\n#3 \/var\/www\/vhosts\/criminalization.net\/beta.criminalization.net\/class\/Handlebars\/Handlebars.php(180): Handlebars\\Handlebars->loadTemplate()\n#4 \/var\/www\/vhosts\/criminalization.net\/beta.criminalization.net\/class\/pageElement.php(94): Handlebars\\Handlebars->render()\n#5 \/var\/www\/vhosts\/criminalization.net\/beta.criminalization.net\/class\/pageElement.php(144): pageElement->templateToHTML()\n#6 \/var\/www\/vhosts\/criminalization.net\/beta.criminalization.net\/class\/page.php(322)","\/var\/www\/vhosts\/criminalization.net\/beta.criminalization.net\/class\/Handlebars\/Parser.php",65,"2022-07-01 02:47:35"]
["E_RECOVERABLE_ERROR","syntax error, unexpected 'const' (T_CONST), expecting ';' or ','","\/var\/www\/vhosts\/criminalization.net\/beta.criminalization.net\/modules\/installed\/crimes\/crimes.tpl.php",67,"2022-07-01 03:28:49"]
["E_RECOVERABLE_ERROR","Uncaught PDOException: SQLSTATE[23000]: Integrity constraint violation: 1048 Column 'L_user' cannot be null in \/var\/www\/vhosts\/criminalization.net\/beta.criminalization.net\/class\/db.php:16\nStack trace:\n#0 \/var\/www\/vhosts\/criminalization.net\/beta.criminalization.net\/class\/db.php(16): PDOStatement->execute()\n#1 \/var\/www\/vhosts\/criminalization.net\/beta.criminalization.net\/class\/db.php(30): glPDO->runQuery()\n#2 \/var\/www\/vhosts\/criminalization.net\/beta.criminalization.net\/modules\/installed\/logs\/logs.hooks.php(26): glPDO->insert()\n#3 \/var\/www\/vhosts\/criminalization.net\/beta.criminalization.net\/modules\/installed\/logs\/logs.hooks.php(96): addLog()\n#4 \/var\/www\/vhosts\/criminalization.net\/beta.criminalization.net\/class\/hook.php(46): page->{closure}()\n#5 \/var\/www\/vhosts\/criminalization.net\/beta.criminalization.net\/modules\/installed\/register\/register.inc.php(85): hook->run()\n#6 \/var\/www\/vhosts\/criminalization.net\/beta.criminalization.net\/class\/module.php(29): register->method_register()\n#7 \/var\/www\/vhosts\/criminalization.ne","\/var\/www\/vhosts\/criminalization.net\/beta.criminalization.net\/class\/db.php",16,"2022-07-01 11:33:32"]
["E_RECOVERABLE_ERROR","Uncaught PDOException: SQLSTATE[23000]: Integrity constraint violation: 1048 Column 'L_user' cannot be null in \/var\/www\/vhosts\/criminalization.net\/beta.criminalization.net\/class\/db.php:16\nStack trace:\n#0 \/var\/www\/vhosts\/criminalization.net\/beta.criminalization.net\/class\/db.php(16): PDOStatement->execute()\n#1 \/var\/www\/vhosts\/criminalization.net\/beta.criminalization.net\/class\/db.php(30): glPDO->runQuery()\n#2 \/var\/www\/vhosts\/criminalization.net\/beta.criminalization.net\/modules\/installed\/logs\/logs.hooks.php(26): glPDO->insert()\n#3 \/var\/www\/vhosts\/criminalization.net\/beta.criminalization.net\/modules\/installed\/logs\/logs.hooks.php(96): addLog()\n#4 \/var\/www\/vhosts\/criminalization.net\/beta.criminalization.net\/class\/hook.php(46): page->{closure}()\n#5 \/var\/www\/vhosts\/criminalization.net\/beta.criminalization.net\/modules\/installed\/register\/register.inc.php(85): hook->run()\n#6 \/var\/www\/vhosts\/criminalization.net\/beta.criminalization.net\/class\/module.php(29): register->method_register()\n#7 \/var\/www\/vhosts\/criminalization.ne","\/var\/www\/vhosts\/criminalization.net\/beta.criminalization.net\/class\/db.php",16,"2022-07-01 11:35:45"]
["E_RECOVERABLE_ERROR","Uncaught PDOException: SQLSTATE[23000]: Integrity constraint violation: 1048 Column 'L_user' cannot be null in \/var\/www\/vhosts\/criminalization.net\/beta.criminalization.net\/class\/db.php:16\nStack trace:\n#0 \/var\/www\/vhosts\/criminalization.net\/beta.criminalization.net\/class\/db.php(16): PDOStatement->execute()\n#1 \/var\/www\/vhosts\/criminalization.net\/beta.criminalization.net\/class\/db.php(30): glPDO->runQuery()\n#2 \/var\/www\/vhosts\/criminalization.net\/beta.criminalization.net\/modules\/installed\/logs\/logs.hooks.php(26): glPDO->insert()\n#3 \/var\/www\/vhosts\/criminalization.net\/beta.criminalization.net\/modules\/installed\/logs\/logs.hooks.php(96): addLog()\n#4 \/var\/www\/vhosts\/criminalization.net\/beta.criminalization.net\/class\/hook.php(46): page->{closure}()\n#5 \/var\/www\/vhosts\/criminalization.net\/beta.criminalization.net\/modules\/installed\/register\/register.inc.php(85): hook->run()\n#6 \/var\/www\/vhosts\/criminalization.net\/beta.criminalization.net\/class\/module.php(29): register->method_register()\n#7 \/var\/www\/vhosts\/criminalization.ne","\/var\/www\/vhosts\/criminalization.net\/beta.criminalization.net\/class\/db.php",16,"2022-07-01 11:42:43"]
["E_RECOVERABLE_ERROR","Uncaught PDOException: SQLSTATE[23000]: Integrity constraint violation: 1048 Column 'L_user' cannot be null in \/var\/www\/vhosts\/criminalization.net\/beta.criminalization.net\/class\/db.php:16\nStack trace:\n#0 \/var\/www\/vhosts\/criminalization.net\/beta.criminalization.net\/class\/db.php(16): PDOStatement->execute()\n#1 \/var\/www\/vhosts\/criminalization.net\/beta.criminalization.net\/class\/db.php(30): glPDO->runQuery()\n#2 \/var\/www\/vhosts\/criminalization.net\/beta.criminalization.net\/modules\/installed\/logs\/logs.hooks.php(26): glPDO->insert()\n#3 \/var\/www\/vhosts\/criminalization.net\/beta.criminalization.net\/modules\/installed\/logs\/logs.hooks.php(96): addLog()\n#4 \/var\/www\/vhosts\/criminalization.net\/beta.criminalization.net\/class\/hook.php(46): page->{closure}()\n#5 \/var\/www\/vhosts\/criminalization.net\/beta.criminalization.net\/modules\/installed\/register\/register.inc.php(85): hook->run()\n#6 \/var\/www\/vhosts\/criminalization.net\/beta.criminalization.net\/class\/module.php(29): register->method_register()\n#7 \/var\/www\/vhosts\/criminalization.ne","\/var\/www\/vhosts\/criminalization.net\/beta.criminalization.net\/class\/db.php",16,"2022-07-01 11:42:43"]
["E_RECOVERABLE_ERROR","Uncaught Error: Call to a member function getInfo() on null in \/var\/www\/vhosts\/criminalization.net\/beta.criminalization.net\/class\/module.php:40\nStack trace:\n#0 \/var\/www\/vhosts\/criminalization.net\/beta.criminalization.net\/class\/page.php(159): module->__construct()\n#1 \/var\/www\/vhosts\/criminalization.net\/beta.criminalization.net\/class\/page.php(76): page->load()\n#2 \/var\/www\/vhosts\/criminalization.net\/beta.criminalization.net\/init.php(90): page->loadPage()\n#3 \/var\/www\/vhosts\/criminalization.net\/beta.criminalization.net\/index.php(5): require('\/var\/www\/vhosts...')\n#4 {main}\n  thrown","\/var\/www\/vhosts\/criminalization.net\/beta.criminalization.net\/class\/module.php",40,"2022-07-01 12:01:44"]
["E_RECOVERABLE_ERROR","syntax error, unexpected '}', expecting ';'","\/var\/www\/vhosts\/criminalization.net\/beta.criminalization.net\/helpers\/crime_helper.php",61,"2022-07-01 12:50:57"]
["E_RECOVERABLE_ERROR","Cannot redeclare calculateStats() (previously declared in \/var\/www\/vhosts\/criminalization.net\/beta.criminalization.net\/helpers\/crime_helper.php:2)","\/var\/www\/vhosts\/criminalization.net\/beta.criminalization.net\/helpers\/crime_helper.php",47,"2022-07-01 12:52:31"]
["E_RECOVERABLE_ERROR","syntax error, unexpected '1' (T_LNUMBER), expecting ';' or ','","\/var\/www\/vhosts\/criminalization.net\/beta.criminalization.net\/modules\/installed\/crimes\/crimes.tpl.php",47,"2022-07-01 13:07:45"]
["E_RECOVERABLE_ERROR","syntax error, unexpected '\"Mixed\"' (T_CONSTANT_ENCAPSED_STRING), expecting ';' or ','","\/var\/www\/vhosts\/criminalization.net\/beta.criminalization.net\/modules\/installed\/crimes\/crimes.tpl.php",46,"2022-07-01 13:22:32"]
["E_RECOVERABLE_ERROR","syntax error, unexpected '\/'","\/var\/www\/vhosts\/criminalization.net\/beta.criminalization.net\/modules\/installed\/crimes\/crimes.tpl.php",46,"2022-07-01 13:22:39"]
["E_RECOVERABLE_ERROR","syntax error, unexpected '}', expecting ']'","\/var\/www\/vhosts\/criminalization.net\/beta.criminalization.net\/helpers\/crime_helper.php",114,"2022-07-01 13:45:51"]
["E_RECOVERABLE_ERROR","syntax error, unexpected '}', expecting ']'","\/var\/www\/vhosts\/criminalization.net\/beta.criminalization.net\/helpers\/crime_helper.php",114,"2022-07-01 13:47:11"]
["E_RECOVERABLE_ERROR","Uncaught Error: Call to undefined function () in \/var\/www\/vhosts\/criminalization.net\/beta.criminalization.net\/helpers\/crime_helper.php:109\nStack trace:\n#0 \/var\/www\/vhosts\/criminalization.net\/beta.criminalization.net\/modules\/installed\/crimes\/crimes.inc.php(33): calculateStatDistribution()\n#1 \/var\/www\/vhosts\/criminalization.net\/beta.criminalization.net\/class\/module.php(34): crimes->constructModule()\n#2 \/var\/www\/vhosts\/criminalization.net\/beta.criminalization.net\/class\/page.php(159): module->__construct()\n#3 \/var\/www\/vhosts\/criminalization.net\/beta.criminalization.net\/class\/page.php(76): page->load()\n#4 \/var\/www\/vhosts\/criminalization.net\/beta.criminalization.net\/init.php(86): page->loadPage()\n#5 \/var\/www\/vhosts\/criminalization.net\/beta.criminalization.net\/index.php(5): require('\/var\/www\/vhosts...')\n#6 {main}\n  thrown","\/var\/www\/vhosts\/criminalization.net\/beta.criminalization.net\/helpers\/crime_helper.php",109,"2022-07-01 13:48:18"]
["E_RECOVERABLE_ERROR","syntax error, unexpected 'const' (T_CONST)","\/var\/www\/vhosts\/criminalization.net\/beta.criminalization.net\/helpers\/crime_helper.php",108,"2022-07-01 14:00:37"]
["E_RECOVERABLE_ERROR","Uncaught LogicException: Unexpected closing tag: \/if in \/var\/www\/vhosts\/criminalization.net\/beta.criminalization.net\/class\/Handlebars\/Parser.php:65\nStack trace:\n#0 \/var\/www\/vhosts\/criminalization.net\/beta.criminalization.net\/class\/Handlebars\/Parser.php(35): Handlebars\\Parser->buildTree()\n#1 \/var\/www\/vhosts\/criminalization.net\/beta.criminalization.net\/class\/Handlebars\/Handlebars.php(533): Handlebars\\Parser->parse()\n#2 \/var\/www\/vhosts\/criminalization.net\/beta.criminalization.net\/class\/Handlebars\/Handlebars.php(463): Handlebars\\Handlebars->tokenize()\n#3 \/var\/www\/vhosts\/criminalization.net\/beta.criminalization.net\/class\/Handlebars\/Handlebars.php(180): Handlebars\\Handlebars->loadTemplate()\n#4 \/var\/www\/vhosts\/criminalization.net\/beta.criminalization.net\/class\/pageElement.php(94): Handlebars\\Handlebars->render()\n#5 \/var\/www\/vhosts\/criminalization.net\/beta.criminalization.net\/class\/pageElement.php(144): pageElement->templateToHTML()\n#6 \/var\/www\/vhosts\/criminalization.net\/beta.criminalization.net\/class\/page.php(322): ","\/var\/www\/vhosts\/criminalization.net\/beta.criminalization.net\/class\/Handlebars\/Parser.php",65,"2022-07-01 14:12:56"]
["E_RECOVERABLE_ERROR","syntax error, unexpected ';', expecting ')'","\/var\/www\/vhosts\/criminalization.net\/beta.criminalization.net\/modules\/installed\/crimes\/crimes.inc.php",58,"2022-07-01 17:36:59"]
["E_RECOVERABLE_ERROR","Uncaught LogicException: Unexpected closing tag: \/if in \/var\/www\/vhosts\/criminalization.net\/beta.criminalization.net\/class\/Handlebars\/Parser.php:65\nStack trace:\n#0 \/var\/www\/vhosts\/criminalization.net\/beta.criminalization.net\/class\/Handlebars\/Parser.php(35): Handlebars\\Parser->buildTree()\n#1 \/var\/www\/vhosts\/criminalization.net\/beta.criminalization.net\/class\/Handlebars\/Handlebars.php(533): Handlebars\\Parser->parse()\n#2 \/var\/www\/vhosts\/criminalization.net\/beta.criminalization.net\/class\/Handlebars\/Handlebars.php(463): Handlebars\\Handlebars->tokenize()\n#3 \/var\/www\/vhosts\/criminalization.net\/beta.criminalization.net\/class\/Handlebars\/Handlebars.php(180): Handlebars\\Handlebars->loadTemplate()\n#4 \/var\/www\/vhosts\/criminalization.net\/beta.criminalization.net\/class\/pageElement.php(94): Handlebars\\Handlebars->render()\n#5 \/var\/www\/vhosts\/criminalization.net\/beta.criminalization.net\/class\/pageElement.php(144): pageElement->templateToHTML()\n#6 \/var\/www\/vhosts\/criminalization.net\/beta.criminalization.net\/class\/page.php(322): ","\/var\/www\/vhosts\/criminalization.net\/beta.criminalization.net\/class\/Handlebars\/Parser.php",65,"2022-07-02 16:35:59"]
["E_RECOVERABLE_ERROR","Uncaught Error: Call to a member function getTimer() on null in \/var\/www\/vhosts\/criminalization.net\/beta.criminalization.net\/modules\/installed\/crimes\/crimes.hooks.php:17\nStack trace:\n#0 \/var\/www\/vhosts\/criminalization.net\/beta.criminalization.net\/class\/hook.php(46): page->{closure}()\n#1 \/var\/www\/vhosts\/criminalization.net\/beta.criminalization.net\/class\/page.php(192): hook->run()\n#2 \/var\/www\/vhosts\/criminalization.net\/beta.criminalization.net\/class\/page.php(76): page->load()\n#3 \/var\/www\/vhosts\/criminalization.net\/beta.criminalization.net\/init.php(86): page->loadPage()\n#4 \/var\/www\/vhosts\/criminalization.net\/beta.criminalization.net\/index.php(5): require('\/var\/www\/vhosts...')\n#5 {main}\n  thrown","\/var\/www\/vhosts\/criminalization.net\/beta.criminalization.net\/modules\/installed\/crimes\/crimes.hooks.php",17,"2022-07-03 23:29:26"]
["E_RECOVERABLE_ERROR","Cannot use [] for reading","\/var\/www\/vhosts\/criminalization.net\/beta.criminalization.net\/modules\/installed\/crimes\/crimes.inc.php",23,"2022-07-03 23:39:23"]
["E_RECOVERABLE_ERROR","Cannot use [] for reading","\/var\/www\/vhosts\/criminalization.net\/beta.criminalization.net\/modules\/installed\/crimes\/crimes.inc.php",23,"2022-07-03 23:39:43"]
["E_RECOVERABLE_ERROR","syntax error, unexpected ';', expecting ')'","\/var\/www\/vhosts\/criminalization.net\/beta.criminalization.net\/modules\/installed\/crimes\/crimes.inc.php",172,"2022-07-05 18:41:55"]
["E_RECOVERABLE_ERROR","syntax error, unexpected ';', expecting ')'","\/var\/www\/vhosts\/criminalization.net\/beta.criminalization.net\/modules\/installed\/crimes\/crimes.inc.php",172,"2022-07-05 18:42:12"]
["E_RECOVERABLE_ERROR","syntax error, unexpected '\"text2\"' (T_CONSTANT_ENCAPSED_STRING), expecting ')'","\/var\/www\/vhosts\/criminalization.net\/beta.criminalization.net\/modules\/installed\/crimes\/crimes.inc.php",171,"2022-07-05 19:02:26"]
["E_RECOVERABLE_ERROR","syntax error, unexpected '\"text1\"' (T_CONSTANT_ENCAPSED_STRING), expecting ')'","\/var\/www\/vhosts\/criminalization.net\/beta.criminalization.net\/modules\/installed\/crimes\/crimes.inc.php",171,"2022-07-05 19:02:49"]
["E_RECOVERABLE_ERROR","syntax error, unexpected ')'","\/var\/www\/vhosts\/criminalization.net\/beta.criminalization.net\/modules\/installed\/crimes\/crimes.inc.php",83,"2022-07-06 13:08:31"]
["E_RECOVERABLE_ERROR","syntax error, unexpected '}'","\/var\/www\/vhosts\/criminalization.net\/beta.criminalization.net\/modules\/installed\/crimes\/crime_helper.php",156,"2022-07-06 14:28:29"]
["E_RECOVERABLE_ERROR","Uncaught PDOException: SQLSTATE[HY093]: Invalid parameter number: number of bound variables does not match number of tokens in \/var\/www\/vhosts\/criminalization.net\/beta.criminalization.net\/modules\/installed\/crimes\/crimes.admin.php:209\nStack trace:\n#0 \/var\/www\/vhosts\/criminalization.net\/beta.criminalization.net\/modules\/installed\/crimes\/crimes.admin.php(209): PDOStatement->execute()\n#1 \/var\/www\/vhosts\/criminalization.net\/beta.criminalization.net\/modules\/installed\/admin\/admin.inc.php(100): adminModule->method_edit()\n#2 \/var\/www\/vhosts\/criminalization.net\/beta.criminalization.net\/modules\/installed\/admin\/admin.inc.php(30): admin->viewModule()\n#3 \/var\/www\/vhosts\/criminalization.net\/beta.criminalization.net\/class\/module.php(34): admin->constructModule()\n#4 \/var\/www\/vhosts\/criminalization.net\/beta.criminalization.net\/class\/page.php(159): module->__construct()\n#5 \/var\/www\/vhosts\/criminalization.net\/beta.criminalization.net\/class\/page.php(76): page->load()\n#6 \/var\/www\/vhosts\/criminalization.net\/beta.criminalization.net\/","\/var\/www\/vhosts\/criminalization.net\/beta.criminalization.net\/modules\/installed\/crimes\/crimes.admin.php",209,"2022-07-06 14:49:09"]
["E_RECOVERABLE_ERROR","Uncaught Error: Call to a member function execute() on null in \/var\/www\/vhosts\/criminalization.net\/beta.criminalization.net\/modules\/installed\/travel\/travel.admin.php:147\nStack trace:\n#0 \/var\/www\/vhosts\/criminalization.net\/beta.criminalization.net\/modules\/installed\/admin\/admin.inc.php(100): adminModule->method_delete()\n#1 \/var\/www\/vhosts\/criminalization.net\/beta.criminalization.net\/modules\/installed\/admin\/admin.inc.php(30): admin->viewModule()\n#2 \/var\/www\/vhosts\/criminalization.net\/beta.criminalization.net\/class\/module.php(34): admin->constructModule()\n#3 \/var\/www\/vhosts\/criminalization.net\/beta.criminalization.net\/class\/page.php(159): module->__construct()\n#4 \/var\/www\/vhosts\/criminalization.net\/beta.criminalization.net\/class\/page.php(76): page->load()\n#5 \/var\/www\/vhosts\/criminalization.net\/beta.criminalization.net\/init.php(86): page->loadPage()\n#6 \/var\/www\/vhosts\/criminalization.net\/beta.criminalization.net\/index.php(5): require('\/var\/www\/vhosts...')\n#7 {main}\n  thrown","\/var\/www\/vhosts\/criminalization.net\/beta.criminalization.net\/modules\/installed\/travel\/travel.admin.php",147,"2022-07-06 22:14:05"]
